Creating Mesh
Mesh venture : Normal : Load
Loading Data from C:\Users\eobregon\Documents\tutorial3_wrk\simulation\tutorial3_lib\board\layout\emSetup_FEM\proj.ep\Simulations\000001\emds_dsn\design\design.sat
Load ACIS file
  acis version = ACIS 31.0 NT
  product = Keysight Technologies
  errmsg = success
  entlist.count() = 64
  Unit is  = 1
removing transformation
BODY 0 with transformation: scaling=1, translation=(0.77729999999999988,0.57475000000000021,-5)
BODY 1 with transformation: scaling=1, translation=(0,0,0)
  Body transf not removed as not necessary  1
BODY 2 with transformation: scaling=1, translation=(0,0,0.40640000000000004)
BODY 3 with transformation: scaling=1, translation=(0,0,0.40640000000000004)
BODY 4 with transformation: scaling=1, translation=(0,0,0.40640000000000004)
BODY 5 with transformation: scaling=1, translation=(0,0,0.40640000000000004)
BODY 6 with transformation: scaling=1, translation=(0,0,0.40640000000000004)
BODY 7 with transformation: scaling=1, translation=(0,0,0.40640000000000004)
BODY 8 with transformation: scaling=1, translation=(0,0,0.40640000000000004)
BODY 9 with transformation: scaling=1, translation=(0,0,0.40640000000000004)
BODY 10 with transformation: scaling=1, translation=(0,0,0.40640000000000004)
BODY 11 with transformation: scaling=1, translation=(0,0,0.40640000000000004)
BODY 12 with transformation: scaling=1, translation=(0,0,0.40640000000000004)
BODY 13 with transformation: scaling=1, translation=(0,0,0.40640000000000004)
BODY 14 with transformation: scaling=1, translation=(0,0,0.40640000000000004)
BODY 15 with transformation: scaling=1, translation=(0,0,0.40640000000000004)
BODY 16 with transformation: scaling=1, translation=(0,0,0.40640000000000004)
BODY 17 with transformation: scaling=1, translation=(0,0,0.40640000000000004)
BODY 18 with transformation: scaling=1, translation=(0,0,0.40640000000000004)
BODY 19 with transformation: scaling=1, translation=(0,0,0.40640000000000004)
BODY 20 with transformation: scaling=1, translation=(0,0,0.40640000000000004)
BODY 21 with transformation: scaling=1, translation=(0,0,0.40640000000000004)
BODY 22 with transformation: scaling=1, translation=(0,0,0.40640000000000004)
BODY 23 with transformation: scaling=1, translation=(0,0,0.40640000000000004)
BODY 24 with transformation: scaling=1, translation=(0,0,0.40640000000000004)
BODY 25 with transformation: scaling=1, translation=(0,0,0.40640000000000004)
BODY 26 with transformation: scaling=1, translation=(0,0,0.40640000000000004)
BODY 27 with transformation: scaling=1, translation=(0,0,0.40640000000000004)
BODY 28 with transformation: scaling=1, translation=(0,0,0.40640000000000004)
BODY 29 with transformation: scaling=1, translation=(0,0,0.40640000000000004)
BODY 30 with transformation: scaling=1, translation=(0,0,0.40640000000000004)
BODY 31 with transformation: scaling=1, translation=(0,0,0.40640000000000004)
BODY 32 with transformation: scaling=1, translation=(0,0,0.40640000000000004)
BODY 33 with transformation: scaling=1, translation=(0,0,0.40640000000000004)
BODY 34 with transformation: scaling=1, translation=(0,0,0.40640000000000004)
BODY 35 with transformation: scaling=1, translation=(0,0,0.40640000000000004)
BODY 36 with transformation: scaling=1, translation=(0,0,0.40640000000000004)
BODY 37 with transformation: scaling=1, translation=(0,0,0.40640000000000004)
BODY 38 with transformation: scaling=1, translation=(0,0,0.40640000000000004)
BODY 39 with transformation: scaling=1, translation=(0,0,0.40640000000000004)
BODY 40 with transformation: scaling=1, translation=(0,0,0.40640000000000004)
BODY 41 with transformation: scaling=1, translation=(0,0,0.40640000000000004)
BODY 42 with transformation: scaling=1, translation=(0,0,0.40640000000000004)
BODY 43 with transformation: scaling=1, translation=(0,0,0.40640000000000004)
BODY 44 with transformation: scaling=1, translation=(0,0,0.40640000000000004)
BODY 45 with transformation: scaling=1, translation=(0,0,0.40640000000000004)
BODY 46 with transformation: scaling=1, translation=(0,0,0.40640000000000004)
BODY 47 with transformation: scaling=1, translation=(0,0,0.40640000000000004)
BODY 48 with transformation: scaling=1, translation=(0,0,0.40640000000000004)
BODY 49 with transformation: scaling=1, translation=(0,0,0.40640000000000004)
BODY 50 with transformation: scaling=1, translation=(0,0,0.40640000000000004)
BODY 51 with transformation: scaling=1, translation=(0,0,0.40640000000000004)
BODY 52 with transformation: scaling=1, translation=(0,0,0.40640000000000004)
BODY 53 with transformation: scaling=1, translation=(0,0,0.40640000000000004)
BODY 54 with transformation: scaling=1, translation=(0,0,0.40640000000000004)
BODY 55 with transformation: scaling=1, translation=(0,0,0.40640000000000004)
BODY 56 with transformation: scaling=1, translation=(0,0,0.40640000000000004)
BODY 57 with transformation: scaling=1, translation=(0,0,0.40640000000000004)
BODY 58 with transformation: scaling=1, translation=(0,0,0.40640000000000004)
BODY 59 with transformation: scaling=1, translation=(0,0,0.81280000000000008)
BODY 60 with transformation: scaling=1, translation=(0,0,0.40640000000000004)
BODY 61 with transformation: scaling=1, translation=(0,0,0.40640000000000004)
BODY 62 with transformation: scaling=1, translation=(0,0,0)
  Body transf not removed as not necessary  62
BODY 63 with transformation: scaling=1, translation=(0.77729999999999988,0.57475000000000032,0.40640000000000054)
separating bodies
Entity 0,name=Simulation box, bb=(-5.4829000000000008,-4.8650000000000002,-5)->(7.0374999999999996,6.0145,5.8128000000000011)
Entity 1,name=Rogers_4003C, bb=(-5.4829000000000017,-4.8650000000000002,0)->(7.0375000000000014,6.0145000000000008,0.81280000000000008)
Entity 2,name=, bb=(-2.3578999999999999,-0.93159999999999998,0.40640000000000004)->(-2.0821000000000001,-0.66000000000000003,0.40640000000000004)
Entity 3,name=, bb=(-2.3578999999999999,-0.53160000000000007,0.40640000000000004)->(-2.0821000000000001,-0.25999999999999995,0.40640000000000004)
Entity 4,name=, bb=(-2.3578999999999999,-0.13159999999999999,0.40640000000000004)->(-2.0821000000000001,0.13999999999999999,0.40640000000000004)
Entity 5,name=, bb=(-2.3578999999999999,0.26840000000000003,0.40640000000000004)->(-2.0821000000000001,0.54000000000000004,0.40640000000000004)
Entity 6,name=, bb=(-2.3578999999999999,0.66839999999999999,0.40640000000000004)->(-2.0821000000000001,0.93999999999999995,0.40640000000000004)
Entity 7,name=, bb=(-2.3578999999999999,1.0684,0.40640000000000004)->(-2.0821000000000001,1.3400000000000001,0.40640000000000004)
Entity 8,name=, bb=(-2.3578999999999999,1.4683999999999999,0.40640000000000004)->(-2.0821000000000001,1.74,0.40640000000000004)
Entity 9,name=, bb=(-1.9578999999999998,-0.93159999999999998,0.40640000000000004)->(-1.6820999999999999,-0.66000000000000003,0.40640000000000004)
Entity 10,name=, bb=(-1.9578999999999998,-0.53160000000000007,0.40640000000000004)->(-1.6820999999999999,-0.25999999999999995,0.40640000000000004)
Entity 11,name=, bb=(-1.9578999999999998,-0.13159999999999999,0.40640000000000004)->(-1.6820999999999999,0.13999999999999999,0.40640000000000004)
Entity 12,name=, bb=(-1.9578999999999998,0.26840000000000003,0.40640000000000004)->(-1.6820999999999999,0.54000000000000004,0.40640000000000004)
Entity 13,name=, bb=(-1.9578999999999998,0.66839999999999999,0.40640000000000004)->(-1.6820999999999999,0.93999999999999995,0.40640000000000004)
Entity 14,name=, bb=(-1.9578999999999998,1.0684,0.40640000000000004)->(-1.6820999999999999,1.3400000000000001,0.40640000000000004)
Entity 15,name=, bb=(-1.9578999999999998,1.4683999999999999,0.40640000000000004)->(-1.6820999999999999,1.74,0.40640000000000004)
Entity 16,name=, bb=(-1.5600000000000001,1.0600000000000001,0.40640000000000004)->(-1.28,1.3400000000000001,0.40640000000000004)
Entity 17,name=, bb=(-1.5579000000000001,-0.93159999999999998,0.40640000000000004)->(-1.2821,-0.66000000000000003,0.40640000000000004)
Entity 18,name=, bb=(-1.5579000000000001,-0.53160000000000007,0.40640000000000004)->(-1.2821,-0.25999999999999995,0.40640000000000004)
Entity 19,name=, bb=(-1.5579000000000001,-0.13159999999999999,0.40640000000000004)->(-1.2821,0.13999999999999999,0.40640000000000004)
Entity 20,name=, bb=(-1.5579000000000001,0.26840000000000003,0.40640000000000004)->(-1.2821,0.54000000000000004,0.40640000000000004)
Entity 21,name=, bb=(-1.5579000000000001,0.66839999999999999,0.40640000000000004)->(-1.2821,0.93999999999999995,0.40640000000000004)
Entity 22,name=, bb=(-1.5579000000000001,1.4683999999999999,0.40640000000000004)->(-1.2821,1.74,0.40640000000000004)
Entity 23,name=, bb=(-1.1578999999999999,-0.93159999999999998,0.40640000000000004)->(-0.8821,-0.66000000000000003,0.40640000000000004)
Entity 24,name=, bb=(-1.1578999999999999,-0.53160000000000007,0.40640000000000004)->(-0.8821,-0.25999999999999995,0.40640000000000004)
Entity 25,name=, bb=(-1.1578999999999999,-0.13159999999999999,0.40640000000000004)->(-0.8821,0.13999999999999999,0.40640000000000004)
Entity 26,name=, bb=(-1.1578999999999999,0.26840000000000003,0.40640000000000004)->(-0.8821,0.54000000000000004,0.40640000000000004)
Entity 27,name=, bb=(-1.1578999999999999,0.66839999999999999,0.40640000000000004)->(-0.8821,0.93999999999999995,0.40640000000000004)
Entity 28,name=, bb=(-1.1578999999999999,1.0684,0.40640000000000004)->(-0.8821,1.3400000000000001,0.40640000000000004)
Entity 29,name=, bb=(-1.1578999999999999,1.4683999999999999,0.40640000000000004)->(-0.8821,1.74,0.40640000000000004)
Entity 30,name=, bb=(-0.75790000000000002,-0.93159999999999998,0.40640000000000004)->(-0.48210000000000003,-0.66000000000000003,0.40640000000000004)
Entity 31,name=, bb=(-0.75790000000000002,-0.53160000000000007,0.40640000000000004)->(-0.48210000000000003,-0.25999999999999995,0.40640000000000004)
Entity 32,name=, bb=(-0.75790000000000002,-0.13159999999999999,0.40640000000000004)->(-0.48210000000000003,0.13999999999999999,0.40640000000000004)
Entity 33,name=, bb=(-0.75790000000000002,0.26840000000000003,0.40640000000000004)->(-0.48210000000000003,0.54000000000000004,0.40640000000000004)
Entity 34,name=, bb=(-0.75790000000000002,0.66839999999999999,0.40640000000000004)->(-0.48210000000000003,0.93999999999999995,0.40640000000000004)
Entity 35,name=, bb=(-0.75790000000000002,1.0684,0.40640000000000004)->(-0.48210000000000003,1.3400000000000001,0.40640000000000004)
Entity 36,name=, bb=(-0.75790000000000002,1.4683999999999999,0.40640000000000004)->(-0.48210000000000003,1.74,0.40640000000000004)
Entity 37,name=, bb=(-0.35790000000000005,-0.93159999999999998,0.40640000000000004)->(-0.082100000000000006,-0.66000000000000003,0.40640000000000004)
Entity 38,name=, bb=(-0.35790000000000005,-0.53160000000000007,0.40640000000000004)->(-0.082100000000000006,-0.25999999999999995,0.40640000000000004)
Entity 39,name=, bb=(-0.35790000000000005,-0.13159999999999999,0.40640000000000004)->(-0.082100000000000006,0.13999999999999999,0.40640000000000004)
Entity 40,name=, bb=(-0.35790000000000005,0.26840000000000003,0.40640000000000004)->(-0.082100000000000006,0.54000000000000004,0.40640000000000004)
Entity 41,name=, bb=(-0.35790000000000005,0.66839999999999999,0.40640000000000004)->(-0.082100000000000006,0.93999999999999995,0.40640000000000004)
Entity 42,name=, bb=(-0.35790000000000005,1.0684,0.40640000000000004)->(-0.082100000000000006,1.3400000000000001,0.40640000000000004)
Entity 43,name=, bb=(-0.35790000000000005,1.4683999999999999,0.40640000000000004)->(-0.082100000000000006,1.74,0.40640000000000004)
Entity 44,name=, bb=(-0.34000000000000002,-1.74,0.40640000000000004)->(3.9125000000000001,-0.10000000000000001,0.40640000000000004)
Entity 45,name=, bb=(0.039999999999999994,0.65000000000000002,0.40640000000000004)->(3.9125000000000001,2.8895,0.40640000000000004)
Entity 46,name=, bb=(0.042099999999999999,-0.93159999999999998,0.40640000000000004)->(0.31789999999999996,-0.66000000000000003,0.40640000000000004)
Entity 47,name=, bb=(0.042099999999999999,-0.53160000000000007,0.40640000000000004)->(0.31789999999999996,-0.25999999999999995,0.40640000000000004)
Entity 48,name=, bb=(0.042099999999999999,-0.13159999999999999,0.40640000000000004)->(0.31789999999999996,0.13999999999999999,0.40640000000000004)
Entity 49,name=, bb=(0.042099999999999999,0.26840000000000003,0.40640000000000004)->(0.31789999999999996,0.54000000000000004,0.40640000000000004)
Entity 50,name=, bb=(0.042099999999999999,0.66839999999999999,0.40640000000000004)->(0.31789999999999996,0.93999999999999995,0.40640000000000004)
Entity 51,name=, bb=(0.042099999999999999,1.0684,0.40640000000000004)->(0.31789999999999996,1.3400000000000001,0.40640000000000004)
Entity 52,name=, bb=(0.44209999999999999,-0.93159999999999998,0.40640000000000004)->(0.71790000000000009,-0.66000000000000003,0.40640000000000004)
Entity 53,name=, bb=(0.44209999999999999,-0.53160000000000007,0.40640000000000004)->(0.71790000000000009,-0.25999999999999995,0.40640000000000004)
Entity 54,name=, bb=(0.44209999999999999,-0.13159999999999999,0.40640000000000004)->(0.71790000000000009,0.13999999999999999,0.40640000000000004)
Entity 55,name=, bb=(0.44209999999999999,0.26840000000000003,0.40640000000000004)->(0.71790000000000009,0.54000000000000004,0.40640000000000004)
Entity 56,name=, bb=(0.44209999999999999,0.66839999999999999,0.40640000000000004)->(0.71790000000000009,0.93999999999999995,0.40640000000000004)
Entity 57,name=, bb=(0.44209999999999999,1.0684,0.40640000000000004)->(0.71790000000000009,1.3400000000000001,0.40640000000000004)
Entity 58,name=, bb=(0.44209999999999999,1.4683999999999999,0.40640000000000004)->(0.71790000000000009,1.74,0.40640000000000004)
Entity 59,name=, bb=(-1.5600000000000001,-1.74,0.81280000000000008)->(-0.060000000000000005,1.3400000000000001,0.81280000000000008)
Entity 60,name=, bb=(-1.51,1.1100000000000001,0.40640000000000004)->(-1.3300000000000001,1.2899999999999998,0.81280000000000008)
Entity 61,name=, bb=(-0.28999999999999998,-1.6900000000000002,0.40640000000000004)->(-0.11,-1.51,0.81280000000000008)
Entity 62,name=, bb=(-5.4829000000000017,-4.8650000000000002,0)->(7.0375000000000014,6.0145000000000008,0)
Entity 63,name=*unknown*, bb=(-5.4829000000000008,-4.8650000000000002,-5)->(7.0375000000000014,6.0145,5.8128000000000011)
Creating Topology
Analyzing Topology
Mesh venture : Normal : Combine
Combine
Deep copy of 64 entities
Object statistics computed in 0, allFacesPlanar = 1, dominant normal = 0,0,1

Initial healing distance=1.980001465277236e-05
Final healing distance=1.980001465277236e-05
Adjusting spatial resolution
Updated healing distance=1.980001465277236e-05
Merged Objects with same material: merged 64 objects into 7 objects.
Cleaning objects
 Current Process: Cleaning topologyRepairing and checking integrity of bodies
Objects Combined
Tightening gaps
Face cutting skipped
Mesh venture : Normal : Generate Mesh
Restricting h (face curvature)
Restricting h (face curvature)

Line meshing completed:
Mesh overview:
  Vertices: 803
  Edges:    831
  Surfaces: 0
  Volumes:  0

Smaller local tree being used

999/248/150 map/can/use rule Free Triangle (1)
0/9/1 map/can/use rule Free Triangle (5)
0/0/0 map/can/use rule Free Triangle (10)
0/0/0 map/can/use rule Free Triangle (20)
440/362/57 map/can/use rule Right 60 (1)
355/271/59 map/can/use rule Left 60 (1)
341/142/30 map/can/use rule Right 120 (1)
442/132/43 map/can/use rule Left 120 (1)
140/70/6 map/can/use rule Left Right 120 (1)
26/26/3 map/can/use rule Fill Triangle
5636/407/16 map/can/use rule Vis A Vis (1)
1558/51/0 map/can/use rule 2 h Vis A Vis (1)


999/266/118 map/can/use rule Free Triangle (1)
0/27/4 map/can/use rule Free Triangle (5)
0/0/0 map/can/use rule Free Triangle (10)
0/0/0 map/can/use rule Free Triangle (20)
376/222/47 map/can/use rule Right 60 (1)
320/186/42 map/can/use rule Left 60 (1)
344/59/5 map/can/use rule Right 120 (1)
339/68/7 map/can/use rule Left 120 (1)
122/43/1 map/can/use rule Left Right 120 (1)
64/64/13 map/can/use rule Fill Triangle
1657/144/20 map/can/use rule Vis A Vis (1)
491/6/0 map/can/use rule 2 h Vis A Vis (1)


Surface meshing completed:
Mesh overview:
  Vertices: 1469
  Edges:    831
  Surfaces: 2293
  Volumes:  0

Surface optimization:
  All faces planar: 1
  All edges straight: 1
 Current Process: Optimized face 75/93totalActionsTaken = 4121

2D optimization completed:
Mesh overview:
  Vertices: 1469
  Edges:    831
  Surfaces: 2293
  Volumes:  0

 Optimized Face 93 / 93

Surface meshing completed:
Mesh overview:
  Vertices: 1367
  Edges:    831
  Surfaces: 2089
  Volumes:  0

Starting volume meshing:
Mesh overview:
  Vertices: 1367
  Edges:    831
  Surfaces: 2089
  Volumes:  0
blockfill local h
rel filldist = 0.10000000000000001
..


Points:           2684
Volume Elements:  15972
0 low quality volume elements

Volume elements in qualityclasses:
   0 - 0.05: 181
0.05 -  0.1: 87
 0.1 - 0.15: 145
0.15 -  0.2: 279
 0.2 - 0.25: 517
0.25 -  0.3: 720
 0.3 - 0.35: 1009
0.35 -  0.4: 1315
 0.4 - 0.45: 1031
0.45 -  0.5: 1250
 0.5 - 0.55: 1246
0.55 -  0.6: 1322
 0.6 - 0.65: 1225
0.65 -  0.7: 1221
 0.7 - 0.75: 1190
0.75 -  0.8: 1191
 0.8 - 0.85: 910
0.85 -  0.9: 662
 0.9 - 0.95: 367
0.95 -    1: 104
total error: 6e+05
free: 1948, fixed: 14024

Start SwapImprove
free: 911, fixed: 14955

Start SwapImprove


Points:           2684
Volume Elements:  15850
0 low quality volume elements

Volume elements in qualityclasses:
   0 - 0.05: 175
0.05 -  0.1: 69
 0.1 - 0.15: 136
0.15 -  0.2: 260
 0.2 - 0.25: 486
0.25 -  0.3: 715
 0.3 - 0.35: 988
0.35 -  0.4: 1322
 0.4 - 0.45: 1040
0.45 -  0.5: 1217
 0.5 - 0.55: 1238
0.55 -  0.6: 1337
 0.6 - 0.65: 1225
0.65 -  0.7: 1206
 0.7 - 0.75: 1203
0.75 -  0.8: 1203
 0.8 - 0.85: 897
0.85 -  0.9: 658
 0.9 - 0.95: 371
0.95 -    1: 104
total error: 5.9e+05
   6 times used rule Free Tetrahedron
 118 times used rule Tetrahedron 60
  81 times used rule Tetrahedron 60 with edge(1)
   0 times used rule Tetrahedron Vis a Vis Point (1)
  25 times used rule Tetrahedron Vis a Vis Point with edge(1)
  36 times used rule Tetrahedron Vis a Vis Point with 2 edges (1)
  72 times used rule Tetrahedron Vis a Vis Point with 3 edges (1)
   0 times used rule Tetrahedron Vis a Vis Triangle (1)
   0 times used rule Octaeder 1
   0 times used rule Octaeder 2
   0 times used rule Octaeder 2a
   0 times used rule Pyramid 1
  31 times used rule Tetrahedron 2 times 60
   4 times used rule Fill Tetrahedron (1)
  24 times used rule Tetrahedron 120 (1)
   0 times used rule Tetrahedron 2 times 120 (1)
   0 times used rule four Tetrahedron non convex (4)
   0 times used rule five Tetrahedron non convex (4)
   0 times used rule four Tetrahedron non convex (6)
   0 times used rule four Tetrahedron non convex (6)
   0 times used rule three Tetrahedron non convex (4)
   0 times used rule three Tetrahedron non convex (6)
   0 times used rule four Tetrahedron non convex (6)
   0 times used rule Tetrahedron 2 in 60 (12)
   0 times used rule Tetrahedron 120: but more than 180 (13)
   0 times used rule Free Tetrahedron (14)
   0 times used rule Free Tetrahedron (15)
blockfill local h
rel filldist = 0.1
..


Points:           2719
Volume Elements:  1703
0 low quality volume elements

Volume elements in qualityclasses:
   0 - 0.05: 160
0.05 -  0.1: 13
 0.1 - 0.15: 7
0.15 -  0.2: 33
 0.2 - 0.25: 50
0.25 -  0.3: 52
 0.3 - 0.35: 85
0.35 -  0.4: 93
 0.4 - 0.45: 77
0.45 -  0.5: 130
 0.5 - 0.55: 95
0.55 -  0.6: 122
 0.6 - 0.65: 116
0.65 -  0.7: 124
 0.7 - 0.75: 156
0.75 -  0.8: 131
 0.8 - 0.85: 127
0.85 -  0.9: 80
 0.9 - 0.95: 42
0.95 -    1: 10
total error: 2.4e+05
free: 0, fixed: 1703

Start SwapImprove
free: 0, fixed: 1703

Start SwapImprove


Points:           2719
Volume Elements:  1703
0 low quality volume elements

Volume elements in qualityclasses:
   0 - 0.05: 160
0.05 -  0.1: 13
 0.1 - 0.15: 7
0.15 -  0.2: 33
 0.2 - 0.25: 50
0.25 -  0.3: 52
 0.3 - 0.35: 85
0.35 -  0.4: 93
 0.4 - 0.45: 77
0.45 -  0.5: 130
 0.5 - 0.55: 95
0.55 -  0.6: 122
 0.6 - 0.65: 116
0.65 -  0.7: 124
 0.7 - 0.75: 156
0.75 -  0.8: 131
 0.8 - 0.85: 127
0.85 -  0.9: 80
 0.9 - 0.95: 42
0.95 -    1: 10
total error: 2.4e+05
   0 times used rule Free Tetrahedron
   0 times used rule Tetrahedron 60
   0 times used rule Tetrahedron 60 with edge(1)
   0 times used rule Tetrahedron Vis a Vis Point (1)
   0 times used rule Tetrahedron Vis a Vis Point with edge(1)
   0 times used rule Tetrahedron Vis a Vis Point with 2 edges (1)
   0 times used rule Tetrahedron Vis a Vis Point with 3 edges (1)
   0 times used rule Tetrahedron Vis a Vis Triangle (1)
   0 times used rule Octaeder 1
   0 times used rule Octaeder 2
   0 times used rule Octaeder 2a
   0 times used rule Pyramid 1
   0 times used rule Tetrahedron 2 times 60
   0 times used rule Fill Tetrahedron (1)
   0 times used rule Tetrahedron 120 (1)
   0 times used rule Tetrahedron 2 times 120 (1)
   0 times used rule four Tetrahedron non convex (4)
   0 times used rule five Tetrahedron non convex (4)
   0 times used rule four Tetrahedron non convex (6)
   0 times used rule four Tetrahedron non convex (6)
   0 times used rule three Tetrahedron non convex (4)
   0 times used rule three Tetrahedron non convex (6)
   0 times used rule four Tetrahedron non convex (6)
   0 times used rule Tetrahedron 2 in 60 (12)
   0 times used rule Tetrahedron 120: but more than 180 (13)
   0 times used rule Free Tetrahedron (14)
   0 times used rule Free Tetrahedron (15)
blockfill local h
rel filldist = 0.1
..


Points:           2820
Volume Elements:  2653
0 low quality volume elements

Volume elements in qualityclasses:
   0 - 0.05: 202
0.05 -  0.1: 52
 0.1 - 0.15: 39
0.15 -  0.2: 88
 0.2 - 0.25: 132
0.25 -  0.3: 154
 0.3 - 0.35: 148
0.35 -  0.4: 176
 0.4 - 0.45: 197
0.45 -  0.5: 206
 0.5 - 0.55: 211
0.55 -  0.6: 214
 0.6 - 0.65: 173
0.65 -  0.7: 170
 0.7 - 0.75: 161
0.75 -  0.8: 145
 0.8 - 0.85: 87
0.85 -  0.9: 67
 0.9 - 0.95: 27
0.95 -    1: 4
total error: 4.2e+05
free: 837, fixed: 1816

Start SwapImprove
free: 332, fixed: 2276

Start SwapImprove


Points:           2820
Volume Elements:  2603
0 low quality volume elements

Volume elements in qualityclasses:
   0 - 0.05: 202
0.05 -  0.1: 48
 0.1 - 0.15: 23
0.15 -  0.2: 74
 0.2 - 0.25: 122
0.25 -  0.3: 146
 0.3 - 0.35: 161
0.35 -  0.4: 166
 0.4 - 0.45: 196
0.45 -  0.5: 211
 0.5 - 0.55: 201
0.55 -  0.6: 212
 0.6 - 0.65: 185
0.65 -  0.7: 166
 0.7 - 0.75: 158
0.75 -  0.8: 146
 0.8 - 0.85: 86
0.85 -  0.9: 70
 0.9 - 0.95: 26
0.95 -    1: 4
total error: 4.2e+05
   0 times used rule Free Tetrahedron
  18 times used rule Tetrahedron 60
  17 times used rule Tetrahedron 60 with edge(1)
   0 times used rule Tetrahedron Vis a Vis Point (1)
   3 times used rule Tetrahedron Vis a Vis Point with edge(1)
   5 times used rule Tetrahedron Vis a Vis Point with 2 edges (1)
  15 times used rule Tetrahedron Vis a Vis Point with 3 edges (1)
   0 times used rule Tetrahedron Vis a Vis Triangle (1)
   0 times used rule Octaeder 1
   0 times used rule Octaeder 2
   0 times used rule Octaeder 2a
   0 times used rule Pyramid 1
   4 times used rule Tetrahedron 2 times 60
   2 times used rule Fill Tetrahedron (1)
   4 times used rule Tetrahedron 120 (1)
   0 times used rule Tetrahedron 2 times 120 (1)
   0 times used rule four Tetrahedron non convex (4)
   0 times used rule five Tetrahedron non convex (4)
   0 times used rule four Tetrahedron non convex (6)
   0 times used rule four Tetrahedron non convex (6)
   0 times used rule three Tetrahedron non convex (4)
   0 times used rule three Tetrahedron non convex (6)
   0 times used rule four Tetrahedron non convex (6)
   0 times used rule Tetrahedron 2 in 60 (12)
   0 times used rule Tetrahedron 120: but more than 180 (13)
   0 times used rule Free Tetrahedron (14)
   0 times used rule Free Tetrahedron (15)
Vol Meshing added
  15890 tetrahedra through Delaunay tetrahedralization
  247 tetrahedra through advancing front tetrahedralization
  3 passes on advancing front tetrahedralization
start SplitImprove
Splitt - Improve done


Points:           2755
Volume Elements:  16180
0 low quality volume elements

Volume elements in qualityclasses:
   0 - 0.05: 59
0.05 -  0.1: 122
 0.1 - 0.15: 158
0.15 -  0.2: 315
 0.2 - 0.25: 551
0.25 -  0.3: 745
 0.3 - 0.35: 976
0.35 -  0.4: 1274
 0.4 - 0.45: 989
0.45 -  0.5: 1174
 0.5 - 0.55: 1229
0.55 -  0.6: 1338
 0.6 - 0.65: 1228
0.65 -  0.7: 1254
 0.7 - 0.75: 1291
0.75 -  0.8: 1284
 0.8 - 0.85: 975
0.85 -  0.9: 696
 0.9 - 0.95: 408
0.95 -    1: 114
total error: 3.7e+04

Volume meshing completed:
Mesh overview:
  Vertices: 2755
  Edges:    831
  Surfaces: 2089
  Volumes:  16180
Start CombineImprove
low volume of tet 4.5e-21
low volume of tet 0
low volume of tet 0
low volume of tet 0
low volume of tet 0
low volume of tet 0
low volume of tet 0
low volume of tet 0
low volume of tet 0
low volume of tet 1.8e-20
low volume of tet 7.2e-20
low volume of tet 0
low volume of tet 0
low volume of tet 0
low volume of tet 0
low volume of tet 0
low volume of tet 0
low volume of tet 0
low volume of tet 0
low volume of tet 0
low volume of tet 0
low volume of tet 0
low volume of tet 1.1e-21
low volume of tet 0
low volume of tet 4e-21
low volume of tet 0
low volume of tet 0
low volume of tet 0
low volume of tet 0
low volume of tet 0
low volume of tet 0
low volume of tet 0
low volume of tet 0
low volume of tet 0
low volume of tet 0
low volume of tet 3.6e-20
low volume of tet 0
low volume of tet 0
low volume of tet 4.5e-21
low volume of tet 0
low volume of tet 0
low volume of tet 0
low volume of tet 0
low volume of tet 4.5e-21
low volume of tet 0
low volume of tet 0
low volume of tet 0
low volume of tet 3.6e-20
low volume of tet 0
low volume of tet 9e-21
low volume of tet 1.4e-19
illegal tet 3718
illegal tet 3814
low volume of tet 3.6e-20
illegal tet 71
low volume of tet 0
illegal tet 7295
illegal tet 8099
low volume of tet 0
illegal tet 10105
low volume of tet 0
low volume of tet 0
low volume of tet 0
illegal tet 7067
illegal tet 11988
low volume of tet 0
low volume of tet 0
low volume of tet 0
low volume of tet 0
low volume of tet 9e-21
low volume of tet 0
low volume of tet 0
low volume of tet 0
low volume of tet 0
low volume of tet 0
low volume of tet 0
low volume of tet 0
low volume of tet 0
low volume of tet 0
low volume of tet 9e-21
low volume of tet 0
low volume of tet 0
low volume of tet 0
low volume of tet 0
low volume of tet 0
illegal tet 146
low volume of tet 0
low volume of tet 0
low volume of tet 0
low volume of tet 0
low volume of tet 0
illegal tet 12217
low volume of tet 0
low volume of tet 0
low volume of tet 0
low volume of tet 0
low volume of tet 0
low volume of tet 0
low volume of tet 0
low volume of tet 0
low volume of tet 0
low volume of tet 0
low volume of tet 0
low volume of tet 0
low volume of tet 0
low volume of tet 0
low volume of tet 0
low volume of tet 0
low volume of tet 0
low volume of tet 0
low volume of tet 0
low volume of tet 0
low volume of tet 1.8e-20
low volume of tet 0
low volume of tet 0
low volume of tet 1.8e-20
low volume of tet 0
low volume of tet 0
low volume of tet 0
low volume of tet 0
low volume of tet 4.5e-21
low volume of tet 1.8e-20
low volume of tet 0
low volume of tet 1.8e-20
low volume of tet 2.7e-20
low volume of tet 0
low volume of tet 0
low volume of tet 0
low volume of tet 0
low volume of tet 0
low volume of tet 3.6e-20
illegal tet 9082
illegal tet 9516
illegal tet 9517
illegal tet 11137
low volume of tet 0
illegal tet 12218
low volume of tet 0
low volume of tet 0
low volume of tet 0
low volume of tet 0
low volume of tet 0
low volume of tet 0
low volume of tet 0
low volume of tet 0
low volume of tet 0
low volume of tet 0
low volume of tet 0
low volume of tet 0
low volume of tet 3.6e-20
low volume of tet 0
low volume of tet 0
low volume of tet 9e-21
low volume of tet 6.8e-21
low volume of tet 0
low volume of tet 0
low volume of tet 0
low volume of tet 0
low volume of tet 0
low volume of tet 0
low volume of tet 0
low volume of tet 0
low volume of tet 0
low volume of tet 0
low volume of tet 0
low volume of tet 0
low volume of tet 0
low volume of tet 3.6e-20
low volume of tet 0
low volume of tet 2.9e-19
low volume of tet 0
low volume of tet 0
low volume of tet 0
low volume of tet 0
low volume of tet 0
low volume of tet 0
low volume of tet 3.6e-20
low volume of tet 0
low volume of tet 0
low volume of tet 0
low volume of tet 1.1e-21
low volume of tet 0
low volume of tet 0
low volume of tet 5.8e-19
low volume of tet 0
low volume of tet 0
illegal tet 4128
illegal tet 5276
low volume of tet 0
low volume of tet 0
low volume of tet 0
illegal tet 272
low volume of tet 0
illegal tet 2840
illegal tet 3532
illegal tet 3533
illegal tet 3550
illegal tet 5399
low volume of tet 0
low volume of tet 0
low volume of tet 9e-21
low volume of tet 9e-21
low volume of tet 1.8e-20
low volume of tet 1.8e-20
low volume of tet 0
low volume of tet 0
low volume of tet 0
low volume of tet 0
low volume of tet 0
low volume of tet 0
low volume of tet 0
low volume of tet 0
low volume of tet 0
low volume of tet 0
low volume of tet 0
low volume of tet 0
low volume of tet 0
low volume of tet 0
low volume of tet 0
low volume of tet 2.3e-21
low volume of tet 0
low volume of tet 0
low volume of tet 0
low volume of tet 0
low volume of tet 0
low volume of tet 0
low volume of tet 0
low volume of tet 0
low volume of tet 0
low volume of tet 0
low volume of tet 0
low volume of tet 0
low volume of tet 0
low volume of tet 0
low volume of tet 0
low volume of tet 0
low volume of tet 3.6e-20
low volume of tet 3.6e-20
illegal tet 8908
low volume of tet 0
low volume of tet 0
low volume of tet 0
illegal tet 13511
low volume of tet 0
low volume of tet 0
low volume of tet 0
low volume of tet 0
low volume of tet 0
low volume of tet 0
low volume of tet 0
low volume of tet 0
low volume of tet 0
low volume of tet 0
low volume of tet 0
low volume of tet 0
low volume of tet 0
low volume of tet 0
low volume of tet 0
low volume of tet 3.6e-20
low volume of tet 0
low volume of tet 0
low volume of tet 1.4e-19
low volume of tet 7.2e-20
low volume of tet 0
low volume of tet 0
low volume of tet 0
low volume of tet 7.2e-20
low volume of tet 0
low volume of tet 0
low volume of tet 0
low volume of tet 0
low volume of tet 0
low volume of tet 0
low volume of tet 0
low volume of tet 0
low volume of tet 9e-21
low volume of tet 0
low volume of tet 0
low volume of tet 0
low volume of tet 0
low volume of tet 0
low volume of tet 0
low volume of tet 0
low volume of tet 0
low volume of tet 0
low volume of tet 0
low volume of tet 0
low volume of tet 0
low volume of tet 0
low volume of tet 0
low volume of tet 0
low volume of tet 0
low volume of tet 0
low volume of tet 0
low volume of tet 0
low volume of tet 0
low volume of tet 0
low volume of tet 0
low volume of tet 0
low volume of tet 0
low volume of tet 0
low volume of tet 0
low volume of tet 0
low volume of tet 0
low volume of tet 0
low volume of tet 0
low volume of tet 0
low volume of tet 0
low volume of tet 0
low volume of tet 0
low volume of tet 0
low volume of tet 0
low volume of tet 2.1e-19
illegal tet 12317
illegal tet 12319
low volume of tet 0
low volume of tet 0
low volume of tet 0
low volume of tet 0
low volume of tet 0
low volume of tet 0
low volume of tet 0
low volume of tet 0
low volume of tet 0
low volume of tet 0
low volume of tet 0
low volume of tet 0
low volume of tet 0
low volume of tet 0
low volume of tet 0
low volume of tet 0
low volume of tet 0
low volume of tet 0
low volume of tet 0
low volume of tet 0
low volume of tet 0
low volume of tet 0
low volume of tet 0
low volume of tet 0
low volume of tet 0
low volume of tet 0
low volume of tet 4.5e-21
low volume of tet 0
low volume of tet 0
low volume of tet 1.8e-20
low volume of tet 0
low volume of tet 0
low volume of tet 1.8e-20
low volume of tet 0
low volume of tet 0
low volume of tet 0
low volume of tet 0
low volume of tet 0
low volume of tet 0
low volume of tet 0
low volume of tet 0
low volume of tet 7.2e-20
low volume of tet 0
low volume of tet 0
low volume of tet 0
low volume of tet 1.8e-20
low volume of tet 0
low volume of tet 0
low volume of tet 7.2e-20
low volume of tet 0
low volume of tet 0
low volume of tet 0
low volume of tet 0
low volume of tet 0
low volume of tet 0
low volume of tet 5.8e-19
low volume of tet 1.8e-20
low volume of tet 0
low volume of tet 0
low volume of tet 0
low volume of tet 0
low volume of tet 3.4e-21
low volume of tet 0
low volume of tet 0
low volume of tet 0
low volume of tet 7.2e-19
low volume of tet 0
low volume of tet 0
low volume of tet 2.9e-19
low volume of tet 0
low volume of tet 0
low volume of tet 0
low volume of tet 0
low volume of tet 0
low volume of tet 0
low volume of tet 0
illegal tet 5521
illegal tet 5523
illegal tet 5626
illegal tet 6374
illegal tet 7571
low volume of tet 0
illegal tet 12242
low volume of tet 0
low volume of tet 0
low volume of tet 0
low volume of tet 0
low volume of tet 0
low volume of tet 5.8e-19
low volume of tet 0
low volume of tet 0
low volume of tet 0
low volume of tet 1.1e-21
low volume of tet 0
low volume of tet 0
low volume of tet 1.8e-20
low volume of tet 1e-20
low volume of tet 0
low volume of tet 0
low volume of tet 0
low volume of tet 0
low volume of tet 0
low volume of tet 3.6e-20
low volume of tet 0
low volume of tet 0
low volume of tet 3.6e-20
low volume of tet 0
low volume of tet 0
low volume of tet 7.2e-20
low volume of tet 0
low volume of tet 0
low volume of tet 0
low volume of tet 0
low volume of tet 0
low volume of tet 0
low volume of tet 0
low volume of tet 1.8e-20
low volume of tet 0
low volume of tet 0
low volume of tet 4.5e-21
low volume of tet 0
low volume of tet 0
low volume of tet 0
low volume of tet 0
low volume of tet 0
low volume of tet 0
low volume of tet 0
low volume of tet 0
illegal tet 7809
illegal tet 9508
low volume of tet 4.5e-21
low volume of tet 0
low volume of tet 0
low volume of tet 0
low volume of tet 0
low volume of tet 0
low volume of tet 0
illegal tet 610
illegal tet 2776
low volume of tet 0
low volume of tet 0
low volume of tet 0
low volume of tet 0
low volume of tet 0
low volume of tet 0
low volume of tet 0
low volume of tet 0
low volume of tet 0
low volume of tet 0
illegal tet 621
low volume of tet 7.2e-20
low volume of tet 0
illegal tet 5728
low volume of tet 0
low volume of tet 1.4e-19
low volume of tet 0
illegal tet 10842
illegal tet 10843
low volume of tet 0
low volume of tet 0
low volume of tet 0
low volume of tet 0
low volume of tet 0
low volume of tet 0
low volume of tet 0
low volume of tet 0
low volume of tet 0
illegal tet 2782
low volume of tet 0
illegal tet 9641
low volume of tet 2.9e-19
low volume of tet 0
low volume of tet 0
low volume of tet 0
low volume of tet 0
low volume of tet 0
low volume of tet 2.3e-21
low volume of tet 0
low volume of tet 0
low volume of tet 0
low volume of tet 0
low volume of tet 0
low volume of tet 0
low volume of tet 0
low volume of tet 0
low volume of tet 0
low volume of tet 0
low volume of tet 0
low volume of tet 0
illegal tet 3275
low volume of tet 0
low volume of tet 0
low volume of tet 0
illegal tet 11691
low volume of tet 3.6e-20
low volume of tet 2.2e-19
low volume of tet 0
low volume of tet 0
low volume of tet 0
low volume of tet 0
low volume of tet 0
low volume of tet 0
low volume of tet 0
low volume of tet 0
low volume of tet 0
low volume of tet 1.4e-19
low volume of tet 0
low volume of tet 1.4e-20
low volume of tet 0
low volume of tet 0
low volume of tet 1.8e-20
low volume of tet 0
low volume of tet 1.8e-20
low volume of tet 4.5e-21
low volume of tet 0
low volume of tet 0
low volume of tet 1.4e-19
low volume of tet 0
low volume of tet 0
low volume of tet 0
low volume of tet 0
low volume of tet 0
low volume of tet 0
low volume of tet 0
low volume of tet 0
low volume of tet 0
low volume of tet 0
illegal tet 1016
low volume of tet 0
low volume of tet 4.5e-21
low volume of tet 0
illegal tet 12021
low volume of tet 0
low volume of tet 0
low volume of tet 0
low volume of tet 0
low volume of tet 0
low volume of tet 0
low volume of tet 0
illegal tet 736
illegal tet 1033
low volume of tet 0
illegal tet 1269
illegal tet 1898
low volume of tet 7.2e-20
low volume of tet 0
low volume of tet 0
illegal tet 8266
low volume of tet 0
low volume of tet 1.8e-20
low volume of tet 0
low volume of tet 0
low volume of tet 0
low volume of tet 1.8e-20
low volume of tet 7.2e-20
low volume of tet 9e-21
low volume of tet 0
low volume of tet 0
low volume of tet 0
low volume of tet 9e-21
low volume of tet 0
low volume of tet 0
low volume of tet 0
low volume of tet 0
low volume of tet 4.5e-21
low volume of tet 0
low volume of tet 0
low volume of tet 0
low volume of tet 0
low volume of tet 0
low volume of tet 0
low volume of tet 0
low volume of tet 0
low volume of tet 0
low volume of tet 0
low volume of tet 0
low volume of tet 0
illegal tet 9947
low volume of tet 0
low volume of tet 0
low volume of tet 0
low volume of tet 1.4e-19
low volume of tet 5.8e-19
low volume of tet 9e-21
low volume of tet 3.6e-20
low volume of tet 1.4e-19
low volume of tet 3.6e-20
low volume of tet 0
low volume of tet 0
low volume of tet 0
low volume of tet 0
low volume of tet 0
low volume of tet 0
low volume of tet 1.4e-19
low volume of tet 0
low volume of tet 0
low volume of tet 0
low volume of tet 0
low volume of tet 0
low volume of tet 0
low volume of tet 0
low volume of tet 0
low volume of tet 0
low volume of tet 0
low volume of tet 0
low volume of tet 0
low volume of tet 0
low volume of tet 0
low volume of tet 0
low volume of tet 0
low volume of tet 0
low volume of tet 0
low volume of tet 0
low volume of tet 1.8e-20
low volume of tet 0
low volume of tet 0
low volume of tet 0
low volume of tet 0
low volume of tet 2.9e-19
low volume of tet 0
low volume of tet 0
low volume of tet 0
low volume of tet 0
low volume of tet 0
low volume of tet 0
low volume of tet 0
low volume of tet 0
low volume of tet 0
low volume of tet 1.8e-20
low volume of tet 0
low volume of tet 0
low volume of tet 0
low volume of tet 7.2e-20
low volume of tet 0
low volume of tet 0
low volume of tet 0
low volume of tet 9e-21
low volume of tet 9e-21
low volume of tet 3.6e-20
illegal tet 854
low volume of tet 0
low volume of tet 0
illegal tet 5025
low volume of tet 0
low volume of tet 0
low volume of tet 0
low volume of tet 0
low volume of tet 0
low volume of tet 0
low volume of tet 0
low volume of tet 0
low volume of tet 0
low volume of tet 0
low volume of tet 0
low volume of tet 0
low volume of tet 0
low volume of tet 0
low volume of tet 0
low volume of tet 0
low volume of tet 0
low volume of tet 0
low volume of tet 0
low volume of tet 0
low volume of tet 0
low volume of tet 0
low volume of tet 0
low volume of tet 0
low volume of tet 0
low volume of tet 0
low volume of tet 0
low volume of tet 0
low volume of tet 0
low volume of tet 0
low volume of tet 0
low volume of tet 0
low volume of tet 6.3e-20
low volume of tet 0
illegal tet 970
low volume of tet 0
illegal tet 3948
low volume of tet 0
low volume of tet 1.8e-20
low volume of tet 0
illegal tet 11974
low volume of tet 0
illegal tet 13086
low volume of tet 0
low volume of tet 0
low volume of tet 0
low volume of tet 0
low volume of tet 4.5e-21
low volume of tet 0
low volume of tet 0
low volume of tet 3.6e-20
low volume of tet 0
low volume of tet 1.8e-20
low volume of tet 0
low volume of tet 0
low volume of tet 0
illegal tet 979
illegal tet 1417
illegal tet 1426
low volume of tet 0
illegal tet 12193
low volume of tet 0
low volume of tet 2.3e-21
low volume of tet 0
low volume of tet 0
low volume of tet 0
low volume of tet 0
low volume of tet 0
low volume of tet 0
low volume of tet 0
low volume of tet 0
low volume of tet 0
low volume of tet 4.5e-21
low volume of tet 0
low volume of tet 0
low volume of tet 1.8e-19
low volume of tet 0
low volume of tet 0
low volume of tet 0
low volume of tet 1.8e-20
low volume of tet 0
low volume of tet 0
low volume of tet 0
low volume of tet 0
low volume of tet 0
low volume of tet 3e-20
low volume of tet 0
illegal tet 2432
low volume of tet 0
illegal tet 9730
low volume of tet 0
low volume of tet 7.2e-20
low volume of tet 0
low volume of tet 0
low volume of tet 1.4e-19
low volume of tet 0
low volume of tet 7.2e-20
low volume of tet 0
illegal tet 3042
low volume of tet 3.6e-20
low volume of tet 1.4e-20
low volume of tet 0
low volume of tet 0
illegal tet 10860
low volume of tet 9e-21
low volume of tet 0
low volume of tet 0
low volume of tet 0
low volume of tet 0
low volume of tet 0
low volume of tet 0
low volume of tet 0
illegal tet 2899
illegal tet 3528
low volume of tet 0
illegal tet 8127
illegal tet 9601
low volume of tet 0
low volume of tet 0
low volume of tet 0
low volume of tet 0
low volume of tet 0
low volume of tet 0
low volume of tet 0
low volume of tet 1.8e-20
low volume of tet 0
low volume of tet 0
illegal tet 1146
low volume of tet 1.8e-20
illegal tet 4633
illegal tet 8545
low volume of tet 0
illegal tet 10815
illegal tet 12443
low volume of tet 0
illegal tet 7449
low volume of tet 0
illegal tet 12139
illegal tet 12140
low volume of tet 0
low volume of tet 0
low volume of tet 0
low volume of tet 0
low volume of tet 5.8e-19
low volume of tet 0
low volume of tet 0
low volume of tet 0
low volume of tet 0
low volume of tet 0
low volume of tet 0
low volume of tet 0
low volume of tet 0
low volume of tet 0
low volume of tet 0
low volume of tet 0
low volume of tet 0
low volume of tet 0
illegal tet 1486
illegal tet 1794
illegal tet 3926
illegal tet 3976
illegal tet 9297
illegal tet 11097
low volume of tet 3.6e-20
low volume of tet 0
low volume of tet 0
low volume of tet 0
low volume of tet 2.3e-21
low volume of tet 0
low volume of tet 0
low volume of tet 0
low volume of tet 0
low volume of tet 0
low volume of tet 0
low volume of tet 0
illegal tet 1208
illegal tet 2025
illegal tet 2893
illegal tet 5173
low volume of tet 0
low volume of tet 0
low volume of tet 0
low volume of tet 0
low volume of tet 1.7e-18
low volume of tet 0
low volume of tet 0
low volume of tet 0
low volume of tet 0
low volume of tet 0
low volume of tet 0
low volume of tet 0
low volume of tet 0
low volume of tet 0
low volume of tet 0
low volume of tet 1.8e-20
low volume of tet 0
low volume of tet 0
low volume of tet 0
low volume of tet 0
low volume of tet 0
low volume of tet 0
low volume of tet 0
low volume of tet 0
low volume of tet 0
low volume of tet 0
low volume of tet 0
illegal tet 7517
low volume of tet 0
illegal tet 10979
illegal tet 1245
illegal tet 10155
illegal tet 10156
low volume of tet 3.6e-20
low volume of tet 0
low volume of tet 0
illegal tet 11822
low volume of tet 1.8e-20
illegal tet 1810
illegal tet 4455
low volume of tet 0
illegal tet 11976
illegal tet 11978
illegal tet 13087
low volume of tet 0
low volume of tet 0
low volume of tet 0
low volume of tet 0
low volume of tet 0
low volume of tet 0
low volume of tet 0
low volume of tet 0
low volume of tet 0
low volume of tet 0
low volume of tet 0
low volume of tet 0
low volume of tet 0
low volume of tet 1.8e-20
low volume of tet 0
illegal tet 1296
low volume of tet 0
illegal tet 5609
illegal tet 7222
low volume of tet 0
low volume of tet 0
illegal tet 10267
illegal tet 10476
low volume of tet 0
low volume of tet 0
low volume of tet 0
low volume of tet 1.4e-19
low volume of tet 0
low volume of tet 0
low volume of tet 0
low volume of tet 0
low volume of tet 0
low volume of tet 0
low volume of tet 0
low volume of tet 3.6e-20
low volume of tet 0
low volume of tet 0
low volume of tet 0
low volume of tet 0
low volume of tet 0
low volume of tet 0
low volume of tet 1.1e-20
low volume of tet 0
low volume of tet 0
low volume of tet 0
low volume of tet 0
low volume of tet 0
low volume of tet 4.5e-21
low volume of tet 0
low volume of tet 0
low volume of tet 0
low volume of tet 0
low volume of tet 2.3e-21
low volume of tet 0
low volume of tet 0
low volume of tet 0
illegal tet 7234
low volume of tet 0
illegal tet 12474
low volume of tet 0
illegal tet 12477
illegal tet 1377
low volume of tet 2.7e-20
low volume of tet 7.2e-20
illegal tet 8033
low volume of tet 0
low volume of tet 0
low volume of tet 0
low volume of tet 0
low volume of tet 0
low volume of tet 0
low volume of tet 0
low volume of tet 0
low volume of tet 0
low volume of tet 0
low volume of tet 0
low volume of tet 0
low volume of tet 0
low volume of tet 0
low volume of tet 0
low volume of tet 0
low volume of tet 0
low volume of tet 0
low volume of tet 0
low volume of tet 0
low volume of tet 0
low volume of tet 0
low volume of tet 0
low volume of tet 9e-21
low volume of tet 0
low volume of tet 0
low volume of tet 0
low volume of tet 0
low volume of tet 0
low volume of tet 0
low volume of tet 0
low volume of tet 0
low volume of tet 9e-21
low volume of tet 0
low volume of tet 3.6e-20
low volume of tet 0
low volume of tet 0
low volume of tet 4.5e-21
low volume of tet 0
low volume of tet 0
low volume of tet 0
low volume of tet 0
low volume of tet 0
low volume of tet 0
low volume of tet 5.6e-22
low volume of tet 0
low volume of tet 0
low volume of tet 0
low volume of tet 0
low volume of tet 0
low volume of tet 0
low volume of tet 0
low volume of tet 0
low volume of tet 0
low volume of tet 9.7e-21
low volume of tet 0
low volume of tet 1.1e-21
low volume of tet 0
low volume of tet 0
low volume of tet 0
low volume of tet 0
low volume of tet 0
low volume of tet 0
low volume of tet 0
low volume of tet 0
low volume of tet 0
low volume of tet 0
low volume of tet 0
low volume of tet 0
low volume of tet 3.2e-35
low volume of tet 0
low volume of tet 0
low volume of tet 1.8e-20
low volume of tet 0
low volume of tet 0
low volume of tet 0
low volume of tet 0
low volume of tet 0
low volume of tet 0
low volume of tet 8.7e-19
low volume of tet 0
low volume of tet 0
low volume of tet 1.2e-18
low volume of tet 5.8e-19
low volume of tet 5.8e-19
low volume of tet 1.2e-18
low volume of tet 0
low volume of tet 0
low volume of tet 0
low volume of tet 0
low volume of tet 0
low volume of tet 0
low volume of tet 2.8e-22
low volume of tet 0
low volume of tet 0
low volume of tet 0
low volume of tet 0
low volume of tet 0
low volume of tet 0
low volume of tet 3.8e-21
low volume of tet 0
low volume of tet 0
low volume of tet 0
low volume of tet 0
low volume of tet 0
low volume of tet 0
low volume of tet 0
low volume of tet 0
low volume of tet 0
low volume of tet 0
low volume of tet 0
low volume of tet 1.4e-20
low volume of tet 2.3e-21
low volume of tet 0
low volume of tet 0
illegal tet 1660
illegal tet 2306
low volume of tet 0
low volume of tet 0
illegal tet 3633
illegal tet 8657
low volume of tet 0
low volume of tet 0
low volume of tet 0
low volume of tet 3.6e-20
low volume of tet 0
low volume of tet 0
low volume of tet 0
low volume of tet 0
low volume of tet 0
low volume of tet 0
low volume of tet 0
low volume of tet 0
low volume of tet 0
low volume of tet 0
low volume of tet 0
low volume of tet 0
low volume of tet 0
low volume of tet 0
low volume of tet 0
low volume of tet 9e-21
low volume of tet 0
low volume of tet 0
low volume of tet 0
low volume of tet 0
low volume of tet 0
low volume of tet 0
low volume of tet 0
low volume of tet 0
low volume of tet 0
low volume of tet 1.4e-19
low volume of tet 0
low volume of tet 0
low volume of tet 0
low volume of tet 0
low volume of tet 0
low volume of tet 0
low volume of tet 0
low volume of tet 0
low volume of tet 0
low volume of tet 0
low volume of tet 0
low volume of tet 0
low volume of tet 0
low volume of tet 0
low volume of tet 0
low volume of tet 0
illegal tet 3563
illegal tet 3986
illegal tet 6901
low volume of tet 0
illegal tet 9511
low volume of tet 0
illegal tet 11807
low volume of tet 7.2e-20
low volume of tet 0
low volume of tet 0
low volume of tet 0
low volume of tet 1.8e-20
low volume of tet 0
low volume of tet 0
low volume of tet 0
low volume of tet 0
low volume of tet 0
low volume of tet 0
low volume of tet 1.8e-20
low volume of tet 0
low volume of tet 0
low volume of tet 0
low volume of tet 0
low volume of tet 4.5e-21
low volume of tet 0
low volume of tet 0
low volume of tet 0
low volume of tet 0
low volume of tet 0
low volume of tet 0
low volume of tet 0
low volume of tet 0
low volume of tet 1.8e-20
low volume of tet 0
low volume of tet 9e-21
low volume of tet 1.1e-21
low volume of tet 9e-21
low volume of tet 0
low volume of tet 4.5e-21
low volume of tet 0
low volume of tet 0
low volume of tet 2.8e-21
low volume of tet 1.8e-20
low volume of tet 4.5e-21
low volume of tet 9e-21
low volume of tet 0
low volume of tet 0
low volume of tet 7.2e-20
low volume of tet 2.7e-20
low volume of tet 0
low volume of tet 1.8e-20
low volume of tet 0
low volume of tet 1.4e-20
low volume of tet 0
low volume of tet 0
low volume of tet 0
low volume of tet 0
low volume of tet 0
low volume of tet 0
low volume of tet 0
low volume of tet 1.8e-20
low volume of tet 0
low volume of tet 9e-21
low volume of tet 0
low volume of tet 0
low volume of tet 0
low volume of tet 9e-21
illegal tet 1948
illegal tet 1968
illegal tet 4108
illegal tet 9146
illegal tet 10479
low volume of tet 0
low volume of tet 9e-21
low volume of tet 0
low volume of tet 0
low volume of tet 3.6e-20
low volume of tet 0
low volume of tet 0
low volume of tet 0
illegal tet 2011
low volume of tet 0
low volume of tet 0
illegal tet 8278
low volume of tet 0
illegal tet 11529
illegal tet 11530
illegal tet 11865
illegal tet 2056
low volume of tet 0
illegal tet 8639
low volume of tet 0
illegal tet 10152
illegal tet 10694
illegal tet 13479
low volume of tet 0
low volume of tet 0
low volume of tet 0
low volume of tet 0
low volume of tet 0
low volume of tet 0
low volume of tet 0
low volume of tet 7.2e-20
low volume of tet 4.5e-20
low volume of tet 0
low volume of tet 0
low volume of tet 0
low volume of tet 0
low volume of tet 0
low volume of tet 1.8e-20
low volume of tet 0
low volume of tet 0
low volume of tet 0
low volume of tet 0
low volume of tet 9e-21
low volume of tet 3.6e-20
low volume of tet 1.1e-20
low volume of tet 2.9e-20
low volume of tet 2.8e-21
low volume of tet 1.4e-20
low volume of tet 0
low volume of tet 0
low volume of tet 0
low volume of tet 0
low volume of tet 0
low volume of tet 0
low volume of tet 0
low volume of tet 0
low volume of tet 0
low volume of tet 0
low volume of tet 0
illegal tet 2180
low volume of tet 0
low volume of tet 0
illegal tet 5053
illegal tet 7413
illegal tet 9047
low volume of tet 0
illegal tet 10617
low volume of tet 0
illegal tet 10653
illegal tet 2190
illegal tet 4139
illegal tet 4608
illegal tet 9031
illegal tet 9117
low volume of tet 0
low volume of tet 0
low volume of tet 0
low volume of tet 0
low volume of tet 0
low volume of tet 0
low volume of tet 0
low volume of tet 0
low volume of tet 0
low volume of tet 0
low volume of tet 0
low volume of tet 0
low volume of tet 0
low volume of tet 0
low volume of tet 0
low volume of tet 0
low volume of tet 0
low volume of tet 0
low volume of tet 0
low volume of tet 4.5e-21
low volume of tet 0
low volume of tet 0
low volume of tet 0
low volume of tet 0
low volume of tet 0
low volume of tet 0
illegal tet 2352
illegal tet 10871
illegal tet 16145
illegal tet 16148
low volume of tet 0
low volume of tet 0
low volume of tet 9e-21
low volume of tet 0
low volume of tet 0
low volume of tet 0
low volume of tet 9e-21
low volume of tet 0
low volume of tet 0
low volume of tet 0
low volume of tet 0
low volume of tet 0
low volume of tet 4.5e-21
low volume of tet 9e-21
illegal tet 4433
low volume of tet 0
low volume of tet 9e-21
illegal tet 13456
low volume of tet 0
low volume of tet 0
low volume of tet 1.7e-18
low volume of tet 0
low volume of tet 0
low volume of tet 0
low volume of tet 0
low volume of tet 0
low volume of tet 1.8e-20
low volume of tet 0
low volume of tet 0
low volume of tet 0
low volume of tet 0
low volume of tet 0
low volume of tet 0
low volume of tet 0
low volume of tet 0
low volume of tet 0
low volume of tet 0
low volume of tet 0
low volume of tet 0
low volume of tet 0
low volume of tet 0
low volume of tet 0
low volume of tet 0
low volume of tet 3.6e-20
low volume of tet 0
low volume of tet 0
low volume of tet 9e-21
low volume of tet 0
low volume of tet 0
low volume of tet 0
low volume of tet 0
low volume of tet 0
low volume of tet 0
low volume of tet 0
low volume of tet 0
low volume of tet 0
low volume of tet 0
low volume of tet 0
low volume of tet 0
low volume of tet 0
low volume of tet 0
low volume of tet 0
low volume of tet 0
low volume of tet 0
low volume of tet 0
low volume of tet 0
low volume of tet 0
low volume of tet 0
low volume of tet 0
low volume of tet 4.5e-21
low volume of tet 0
low volume of tet 7.2e-20
low volume of tet 0
low volume of tet 0
low volume of tet 0
low volume of tet 0
low volume of tet 0
low volume of tet 0
low volume of tet 0
low volume of tet 0
low volume of tet 0
low volume of tet 0
low volume of tet 0
low volume of tet 0
low volume of tet 0
low volume of tet 7.3e-21
low volume of tet 0
low volume of tet 0
low volume of tet 0
low volume of tet 0
low volume of tet 0
low volume of tet 0
low volume of tet 0
low volume of tet 0
low volume of tet 0
low volume of tet 9e-21
low volume of tet 0
low volume of tet 0
low volume of tet 0
low volume of tet 0
low volume of tet 0
low volume of tet 0
low volume of tet 4.5e-21
low volume of tet 0
low volume of tet 0
low volume of tet 0
low volume of tet 4.5e-21
low volume of tet 0
low volume of tet 0
low volume of tet 0
low volume of tet 0
low volume of tet 0
low volume of tet 0
low volume of tet 0
low volume of tet 0
low volume of tet 0
low volume of tet 0
low volume of tet 0
low volume of tet 0
low volume of tet 0
low volume of tet 0
low volume of tet 0
low volume of tet 0
low volume of tet 0
low volume of tet 1.8e-20
low volume of tet 0
low volume of tet 0
low volume of tet 0
low volume of tet 0
low volume of tet 0
low volume of tet 1e-20
low volume of tet 0
low volume of tet 0
low volume of tet 0
low volume of tet 0
low volume of tet 1.4e-20
low volume of tet 0
low volume of tet 4.5e-21
low volume of tet 0
low volume of tet 0
low volume of tet 0
low volume of tet 0
low volume of tet 0
low volume of tet 9e-21
low volume of tet 0
low volume of tet 0
low volume of tet 0
low volume of tet 4.5e-21
low volume of tet 0
low volume of tet 0
low volume of tet 0
low volume of tet 0
low volume of tet 0
low volume of tet 0
low volume of tet 0
low volume of tet 0
low volume of tet 1.8e-20
low volume of tet 0
low volume of tet 0
low volume of tet 0
low volume of tet 0
low volume of tet 0
low volume of tet 4.5e-21
low volume of tet 0
low volume of tet 0
low volume of tet 0
low volume of tet 0
low volume of tet 0
low volume of tet 0
low volume of tet 0
low volume of tet 0
low volume of tet 0
low volume of tet 0
illegal tet 4684
low volume of tet 0
low volume of tet 0
illegal tet 5952
low volume of tet 0
low volume of tet 0
low volume of tet 0
low volume of tet 2.9e-19
low volume of tet 0
low volume of tet 0
low volume of tet 0
low volume of tet 0
low volume of tet 0
low volume of tet 0
low volume of tet 0
low volume of tet 0
low volume of tet 0
low volume of tet 0
low volume of tet 0
low volume of tet 0
low volume of tet 0
low volume of tet 0
low volume of tet 0
low volume of tet 0
low volume of tet 0
low volume of tet 0
low volume of tet 0
low volume of tet 0
low volume of tet 9e-21
low volume of tet 4.5e-21
illegal tet 3103
low volume of tet 0
low volume of tet 2.3e-21
low volume of tet 1.8e-20
low volume of tet 0
illegal tet 10942
low volume of tet 0
low volume of tet 3.6e-20
low volume of tet 0
low volume of tet 9e-21
low volume of tet 0
low volume of tet 0
low volume of tet 0
low volume of tet 0
low volume of tet 0
low volume of tet 1.8e-20
low volume of tet 9e-21
low volume of tet 0
low volume of tet 0
low volume of tet 0
low volume of tet 1.4e-19
low volume of tet 7.2e-20
low volume of tet 0
low volume of tet 4.3e-19
low volume of tet 1.8e-20
low volume of tet 0
low volume of tet 0
low volume of tet 0
low volume of tet 9e-21
low volume of tet 0
low volume of tet 1.8e-20
low volume of tet 0
low volume of tet 0
low volume of tet 0
low volume of tet 0
low volume of tet 0
low volume of tet 0
low volume of tet 0
low volume of tet 0
low volume of tet 0
low volume of tet 0
low volume of tet 0
low volume of tet 0
low volume of tet 0
illegal tet 6228
illegal tet 9089
illegal tet 9371
low volume of tet 0
illegal tet 10210
low volume of tet 0
low volume of tet 0
low volume of tet 0
low volume of tet 0
low volume of tet 0
low volume of tet 0
low volume of tet 0
low volume of tet 0
low volume of tet 0
low volume of tet 0
low volume of tet 0
low volume of tet 0
low volume of tet 0
low volume of tet 0
low volume of tet 0
low volume of tet 0
low volume of tet 1.8e-20
low volume of tet 4.5e-21
low volume of tet 2.3e-20
low volume of tet 0
low volume of tet 0
low volume of tet 0
low volume of tet 0
low volume of tet 0
low volume of tet 0
low volume of tet 0
low volume of tet 0
low volume of tet 0
low volume of tet 0
low volume of tet 0
low volume of tet 0
low volume of tet 0
low volume of tet 0
low volume of tet 0
low volume of tet 0
low volume of tet 0
low volume of tet 0
low volume of tet 0
low volume of tet 0
low volume of tet 0
low volume of tet 0
low volume of tet 0
low volume of tet 0
low volume of tet 0
low volume of tet 0
low volume of tet 0
low volume of tet 2.7e-20
low volume of tet 1.8e-20
low volume of tet 0
low volume of tet 0
low volume of tet 0
low volume of tet 0
low volume of tet 0
low volume of tet 0
low volume of tet 0
low volume of tet 0
low volume of tet 0
low volume of tet 0
low volume of tet 0
low volume of tet 0
low volume of tet 0
low volume of tet 0
low volume of tet 0
low volume of tet 3.6e-20
low volume of tet 0
low volume of tet 0
low volume of tet 0
low volume of tet 0
low volume of tet 0
low volume of tet 0
low volume of tet 0
low volume of tet 0
low volume of tet 0
low volume of tet 0
low volume of tet 0
low volume of tet 0
low volume of tet 0
low volume of tet 0
low volume of tet 0
illegal tet 3764
illegal tet 6176
illegal tet 6177
low volume of tet 2.5e-19
low volume of tet 0
illegal tet 9703
illegal tet 12633
low volume of tet 0
low volume of tet 0
low volume of tet 0
low volume of tet 1.8e-20
low volume of tet 0
low volume of tet 0
low volume of tet 0
low volume of tet 1.8e-20
low volume of tet 0
low volume of tet 0
low volume of tet 0
low volume of tet 0
low volume of tet 0
low volume of tet 0
low volume of tet 1.8e-20
low volume of tet 0
low volume of tet 0
low volume of tet 0
low volume of tet 0
low volume of tet 0
low volume of tet 0
low volume of tet 0
low volume of tet 0
low volume of tet 0
low volume of tet 0
low volume of tet 0
low volume of tet 0
low volume of tet 0
low volume of tet 0
low volume of tet 0
low volume of tet 0
low volume of tet 0
low volume of tet 0
low volume of tet 0
low volume of tet 0
low volume of tet 0
low volume of tet 0
low volume of tet 4.5e-21
low volume of tet 0
low volume of tet 0
low volume of tet 0
illegal tet 4369
low volume of tet 0
illegal tet 7623
illegal tet 10450
illegal tet 11804
low volume of tet 0
illegal tet 4506
low volume of tet 0
low volume of tet 0
low volume of tet 0
illegal tet 7357
low volume of tet 0
illegal tet 13296
low volume of tet 0
low volume of tet 1.8e-20
low volume of tet 0
illegal tet 7385
illegal tet 10635
low volume of tet 0
low volume of tet 0
low volume of tet 0
low volume of tet 0
low volume of tet 0
low volume of tet 9e-21
illegal tet 4794
low volume of tet 0
illegal tet 8362
illegal tet 11120
low volume of tet 0
illegal tet 13481
illegal tet 13482
low volume of tet 0
low volume of tet 0
low volume of tet 9e-21
low volume of tet 0
low volume of tet 0
low volume of tet 0
low volume of tet 0
low volume of tet 4.5e-21
low volume of tet 4.5e-21
low volume of tet 1.8e-20
low volume of tet 1.2e-20
low volume of tet 0
low volume of tet 0
low volume of tet 0
low volume of tet 0
low volume of tet 0
low volume of tet 0
low volume of tet 2e-18
low volume of tet 0
low volume of tet 1.4e-19
low volume of tet 1.4e-19
low volume of tet 0
low volume of tet 0
low volume of tet 0
low volume of tet 0
low volume of tet 0
low volume of tet 0
illegal tet 9625
low volume of tet 0
low volume of tet 0
illegal tet 12386
low volume of tet 0
low volume of tet 0
low volume of tet 0
low volume of tet 0
illegal tet 11154
illegal tet 11954
low volume of tet 0
low volume of tet 0
low volume of tet 0
low volume of tet 0
low volume of tet 4.5e-21
low volume of tet 0
low volume of tet 0
low volume of tet 0
low volume of tet 0
low volume of tet 0
low volume of tet 0
low volume of tet 0
low volume of tet 0
illegal tet 6082
low volume of tet 1.4e-19
low volume of tet 0
low volume of tet 0
low volume of tet 0
low volume of tet 0
low volume of tet 0
low volume of tet 0
low volume of tet 0
low volume of tet 0
illegal tet 6258
low volume of tet 0
illegal tet 8703
low volume of tet 0
low volume of tet 0
illegal tet 11010
illegal tet 11680
low volume of tet 0
low volume of tet 0
low volume of tet 0
low volume of tet 0
low volume of tet 0
low volume of tet 0
low volume of tet 0
low volume of tet 0
low volume of tet 0
low volume of tet 0
low volume of tet 0
low volume of tet 0
low volume of tet 0
low volume of tet 0
low volume of tet 2.3e-21
low volume of tet 0
low volume of tet 0
low volume of tet 0
low volume of tet 0
low volume of tet 0
low volume of tet 0
low volume of tet 0
low volume of tet 0
low volume of tet 0
low volume of tet 0
low volume of tet 0
low volume of tet 0
low volume of tet 0
low volume of tet 0
low volume of tet 0
low volume of tet 0
low volume of tet 0
low volume of tet 0
low volume of tet 0
low volume of tet 0
low volume of tet 0
low volume of tet 0
low volume of tet 0
low volume of tet 9e-21
low volume of tet 0
low volume of tet 9e-21
low volume of tet 1.8e-20
low volume of tet 1.2e-20
low volume of tet 0
low volume of tet 0
low volume of tet 0
low volume of tet 0
low volume of tet 0
low volume of tet 0
low volume of tet 0
low volume of tet 0
low volume of tet 0
low volume of tet 0
low volume of tet 2.3e-21
low volume of tet 0
low volume of tet 9e-21
low volume of tet 9e-21
low volume of tet 9e-21
low volume of tet 0
low volume of tet 9e-21
low volume of tet 0
low volume of tet 0
low volume of tet 1.1e-21
low volume of tet 0
low volume of tet 0
low volume of tet 0
low volume of tet 0
low volume of tet 0
low volume of tet 0
low volume of tet 0
low volume of tet 0
low volume of tet 0
low volume of tet 0
low volume of tet 0
illegal tet 8449
illegal tet 10310
low volume of tet 0
low volume of tet 0
illegal tet 12723
illegal tet 7467
illegal tet 8812
low volume of tet 0
illegal tet 7804
illegal tet 8063
low volume of tet 0
low volume of tet 0
illegal tet 11552
low volume of tet 0
low volume of tet 0
low volume of tet 0
low volume of tet 0
low volume of tet 0
low volume of tet 0
low volume of tet 0
low volume of tet 0
illegal tet 8037
low volume of tet 0
low volume of tet 0
low volume of tet 0
illegal tet 10093
low volume of tet 0
low volume of tet 0
low volume of tet 0
low volume of tet 4.5e-21
low volume of tet 0
low volume of tet 0
low volume of tet 0
low volume of tet 0
low volume of tet 0
low volume of tet 0
illegal tet 8284
low volume of tet 0
low volume of tet 0
low volume of tet 0
low volume of tet 0
illegal tet 13029
illegal tet 8752
low volume of tet 0
illegal tet 10853
illegal tet 10854
illegal tet 12631
low volume of tet 0
low volume of tet 0
low volume of tet 0
low volume of tet 0
low volume of tet 0
illegal tet 915
illegal tet 9561
illegal tet 10064
low volume of tet 0
low volume of tet 1.8e-20
low volume of tet 0
low volume of tet 0
low volume of tet 0
low volume of tet 0
low volume of tet 0
low volume of tet 0
low volume of tet 0
low volume of tet 2.3e-21
low volume of tet 9e-21
low volume of tet 0
low volume of tet 0
low volume of tet 4.5e-21
illegal tet 13667
illegal tet 13684
low volume of tet 0
illegal tet 13766
illegal tet 13632
low volume of tet 0
illegal tet 13661
low volume of tet 0
illegal tet 13738
low volume of tet 0
low volume of tet 0
low volume of tet 0
low volume of tet 0
low volume of tet 0
illegal tet 13685
low volume of tet 0
illegal tet 13739
low volume of tet 0
illegal tet 13700
illegal tet 13702
low volume of tet 0
low volume of tet 0
low volume of tet 0
low volume of tet 0
low volume of tet 0
low volume of tet 0
low volume of tet 0
illegal tet 13731
illegal tet 13732
illegal tet 13756
illegal tet 13758
low volume of tet 0
low volume of tet 0
low volume of tet 0
low volume of tet 0
low volume of tet 0
low volume of tet 0
low volume of tet 0
illegal tet 13767
low volume of tet 0
illegal tet 13779
illegal tet 13802
low volume of tet 1.8e-20
low volume of tet 7.2e-20
low volume of tet 0
low volume of tet 0
low volume of tet 0
low volume of tet 5.8e-19
low volume of tet 0
low volume of tet 0
low volume of tet 0
low volume of tet 0
low volume of tet 0
low volume of tet 0
low volume of tet 4.3e-19
low volume of tet 0
low volume of tet 0
low volume of tet 0
low volume of tet 0
low volume of tet 0
low volume of tet 0
low volume of tet 0
low volume of tet 0
low volume of tet 0
illegal tet 13870
low volume of tet 0
illegal tet 14302
illegal tet 14811
illegal tet 14822
illegal tet 14834
low volume of tet 0
low volume of tet 0
low volume of tet 0
low volume of tet 0
low volume of tet 0
low volume of tet 5.8e-19
low volume of tet 0
low volume of tet 0
low volume of tet 0
low volume of tet 0
low volume of tet 0
low volume of tet 0
low volume of tet 0
low volume of tet 9.3e-18
low volume of tet 0
low volume of tet 0
low volume of tet 0
low volume of tet 0
low volume of tet 0
low volume of tet 0
low volume of tet 0
low volume of tet 4.6e-18
low volume of tet 0
low volume of tet 0
low volume of tet 4.6e-18
low volume of tet 0
low volume of tet 0
low volume of tet 0
low volume of tet 0
low volume of tet 0
low volume of tet 0
low volume of tet 0
low volume of tet 0
low volume of tet 0
low volume of tet 0
low volume of tet 9.3e-18
low volume of tet 0
low volume of tet 0
low volume of tet 0
low volume of tet 0
low volume of tet 0
low volume of tet 0
low volume of tet 0
low volume of tet 0
low volume of tet 0
low volume of tet 0
low volume of tet 0
low volume of tet 0
low volume of tet 0
low volume of tet 2.3e-18
low volume of tet 0
low volume of tet 0
low volume of tet 0
illegal tet 13914
illegal tet 14043
illegal tet 14384
low volume of tet 0
illegal tet 14682
illegal tet 14729
low volume of tet 0
low volume of tet 0
low volume of tet 0
low volume of tet 0
low volume of tet 0
low volume of tet 0
low volume of tet 0
low volume of tet 0
low volume of tet 0
low volume of tet 0
low volume of tet 0
low volume of tet 0
low volume of tet 0
low volume of tet 0
low volume of tet 0
low volume of tet 0
low volume of tet 0
low volume of tet 0
low volume of tet 1.5e-16
low volume of tet 1.9e-17
low volume of tet 0
low volume of tet 0
low volume of tet 0
low volume of tet 0
low volume of tet 0
low volume of tet 0
low volume of tet 0
low volume of tet 0
low volume of tet 0
low volume of tet 0
low volume of tet 0
low volume of tet 0
low volume of tet 0
low volume of tet 0
low volume of tet 0
low volume of tet 0
low volume of tet 0
low volume of tet 0
low volume of tet 0
low volume of tet 0
low volume of tet 0
low volume of tet 0
low volume of tet 0
low volume of tet 0
low volume of tet 0
low volume of tet 0
low volume of tet 0
low volume of tet 0
illegal tet 14049
illegal tet 14164
illegal tet 14230
illegal tet 14483
illegal tet 14503
illegal tet 14870
illegal tet 14076
low volume of tet 0
illegal tet 14303
illegal tet 14338
illegal tet 14358
low volume of tet 0
illegal tet 14673
low volume of tet 5.9e-16
low volume of tet 1.2e-15
low volume of tet 5.9e-16
low volume of tet 0
low volume of tet 3.7e-17
low volume of tet 7.4e-17
low volume of tet 0
low volume of tet 0
low volume of tet 0
low volume of tet 0
low volume of tet 0
low volume of tet 0
low volume of tet 0
low volume of tet 0
low volume of tet 0
low volume of tet 0
low volume of tet 0
low volume of tet 0
low volume of tet 0
low volume of tet 0
low volume of tet 0
low volume of tet 0
low volume of tet 0
low volume of tet 0
low volume of tet 5.9e-16
low volume of tet 9.3e-18
low volume of tet 0
low volume of tet 0
low volume of tet 5.9e-16
low volume of tet 0
low volume of tet 0
low volume of tet 0
low volume of tet 0
low volume of tet 2.3e-18
low volume of tet 2.8e-17
low volume of tet 9.3e-18
low volume of tet 4.6e-18
low volume of tet 0
low volume of tet 0
low volume of tet 0
low volume of tet 0
low volume of tet 0
low volume of tet 5.8e-19
low volume of tet 0
low volume of tet 0
low volume of tet 0
low volume of tet 4.6e-18
low volume of tet 0
low volume of tet 0
low volume of tet 0
low volume of tet 0
low volume of tet 4.6e-18
low volume of tet 2.3e-18
low volume of tet 0
low volume of tet 0
low volume of tet 0
low volume of tet 0
low volume of tet 0
low volume of tet 0
low volume of tet 0
low volume of tet 0
low volume of tet 0
low volume of tet 7.4e-17
low volume of tet 1.9e-17
low volume of tet 0
low volume of tet 0
low volume of tet 7.4e-17
low volume of tet 0
low volume of tet 0
low volume of tet 0
low volume of tet 0
low volume of tet 0
low volume of tet 0
low volume of tet 0
low volume of tet 0
low volume of tet 5.9e-16
low volume of tet 0
low volume of tet 0
low volume of tet 0
low volume of tet 0
low volume of tet 0
low volume of tet 4.6e-18
low volume of tet 0
low volume of tet 0
low volume of tet 0
low volume of tet 0
low volume of tet 0
low volume of tet 0
low volume of tet 0
low volume of tet 0
low volume of tet 0
low volume of tet 0
low volume of tet 0
low volume of tet 0
low volume of tet 0
low volume of tet 0
low volume of tet 0
low volume of tet 0
low volume of tet 0
low volume of tet 0
low volume of tet 0
low volume of tet 0
low volume of tet 0
low volume of tet 0
low volume of tet 0
low volume of tet 0
low volume of tet 0
low volume of tet 0
low volume of tet 0
low volume of tet 0
low volume of tet 0
low volume of tet 1.2e-15
low volume of tet 0
low volume of tet 0
low volume of tet 0
low volume of tet 0
low volume of tet 0
low volume of tet 1.4e-19
low volume of tet 0
low volume of tet 0
low volume of tet 0
low volume of tet 0
low volume of tet 0
low volume of tet 0
illegal tet 16109
low volume of tet 0
illegal tet 16117
low volume of tet 7.2e-20
low volume of tet 8.6e-20
low volume of tet 0
low volume of tet 9e-21
low volume of tet 1.4e-19
low volume of tet 0
illegal tet 16136
illegal tet 16179
336 elements combined
CombineImprove done
Improve Mesh
Total badness = 3.7e+04

Total badness = 30147.707
start SplitImprove
Total badness = 30147.707
Splitt - Improve done
Total badness = 30088.424
Improve Mesh
Total badness = 30088.424

Total badness = 29647.594
Improve Mesh
Total badness = 29647.594

Total badness = 29569.202


Points:           2420
Volume Elements:  13949
0 low quality volume elements

Volume elements in qualityclasses:
   0 - 0.05: 1
0.05 -  0.1: 4
 0.1 - 0.15: 31
0.15 -  0.2: 125
 0.2 - 0.25: 257
0.25 -  0.3: 370
 0.3 - 0.35: 526
0.35 -  0.4: 725
 0.4 - 0.45: 907
0.45 -  0.5: 1018
 0.5 - 0.55: 1105
0.55 -  0.6: 1322
 0.6 - 0.65: 1384
0.65 -  0.7: 1426
 0.7 - 0.75: 1318
0.75 -  0.8: 1273
 0.8 - 0.85: 955
0.85 -  0.9: 723
 0.9 - 0.95: 388
0.95 -    1: 91
total error: 2.6e+04
Start CombineImprove
low volume of tet 9e-21
low volume of tet 0
low volume of tet 4.5e-21
low volume of tet 0
low volume of tet 0
low volume of tet 0
low volume of tet 0
low volume of tet 0
low volume of tet 0
low volume of tet 0
low volume of tet 0
low volume of tet 0
low volume of tet 0
low volume of tet 0
low volume of tet 0
low volume of tet 0
low volume of tet 0
low volume of tet 0
low volume of tet 0
low volume of tet 0
low volume of tet 0
low volume of tet 0
low volume of tet 0
low volume of tet 0
low volume of tet 0
low volume of tet 0
low volume of tet 0
low volume of tet 0
low volume of tet 0
illegal tet 1575
illegal tet 3888
illegal tet 5890
low volume of tet 0
low volume of tet 0
low volume of tet 9e-21
low volume of tet 0
illegal tet 199
low volume of tet 0
illegal tet 3415
illegal tet 7072
low volume of tet 0
low volume of tet 0
illegal tet 10663
low volume of tet 0
low volume of tet 0
low volume of tet 2.3e-21
low volume of tet 0
low volume of tet 0
low volume of tet 0
low volume of tet 0
low volume of tet 0
illegal tet 380
illegal tet 3645
low volume of tet 0
low volume of tet 0
low volume of tet 0
low volume of tet 0
low volume of tet 2.9e-19
low volume of tet 2.9e-19
low volume of tet 0
low volume of tet 0
low volume of tet 0
low volume of tet 0
low volume of tet 0
low volume of tet 0
low volume of tet 0
low volume of tet 0
low volume of tet 0
low volume of tet 0
low volume of tet 0
low volume of tet 0
low volume of tet 0
low volume of tet 0
low volume of tet 0
low volume of tet 0
low volume of tet 0
low volume of tet 0
low volume of tet 0
low volume of tet 1.4e-19
low volume of tet 0
low volume of tet 0
low volume of tet 3.6e-20
low volume of tet 0
low volume of tet 0
low volume of tet 0
illegal tet 1046
illegal tet 6648
illegal tet 9729
illegal tet 11362
illegal tet 11364
low volume of tet 0
low volume of tet 0
low volume of tet 0
low volume of tet 0
low volume of tet 0
low volume of tet 0
low volume of tet 0
low volume of tet 0
low volume of tet 0
low volume of tet 0
low volume of tet 1.4e-19
low volume of tet 0
low volume of tet 0
low volume of tet 0
low volume of tet 0
low volume of tet 0
low volume of tet 0
low volume of tet 0
low volume of tet 3.6e-20
low volume of tet 7.2e-20
low volume of tet 0
low volume of tet 0
low volume of tet 0
low volume of tet 0
illegal tet 6369
illegal tet 12461
low volume of tet 0
low volume of tet 0
low volume of tet 0
low volume of tet 3.6e-20
low volume of tet 0
low volume of tet 0
low volume of tet 0
low volume of tet 1.4e-19
low volume of tet 0
low volume of tet 0
low volume of tet 1.4e-19
low volume of tet 0
low volume of tet 0
low volume of tet 0
low volume of tet 1.8e-20
low volume of tet 0
low volume of tet 0
low volume of tet 0
low volume of tet 0
low volume of tet 0
low volume of tet 1.8e-20
low volume of tet 0
low volume of tet 0
low volume of tet 0
low volume of tet 0
low volume of tet 0
low volume of tet 0
low volume of tet 0
low volume of tet 0
low volume of tet 0
low volume of tet 0
low volume of tet 1.2e-19
low volume of tet 0
low volume of tet 0
low volume of tet 0
low volume of tet 0
low volume of tet 0
low volume of tet 0
low volume of tet 0
low volume of tet 0
low volume of tet 0
low volume of tet 1.2e-18
illegal tet 3023
low volume of tet 0
illegal tet 13947
low volume of tet 0
low volume of tet 0
low volume of tet 0
low volume of tet 0
low volume of tet 0
illegal tet 1791
illegal tet 3073
low volume of tet 0
low volume of tet 7.2e-20
illegal tet 5889
illegal tet 7463
low volume of tet 1.1e-20
low volume of tet 0
low volume of tet 0
low volume of tet 0
low volume of tet 0
low volume of tet 0
low volume of tet 0
low volume of tet 0
low volume of tet 0
low volume of tet 0
low volume of tet 0
low volume of tet 0
low volume of tet 0
low volume of tet 0
low volume of tet 3.6e-20
low volume of tet 0
low volume of tet 5.8e-19
low volume of tet 0
low volume of tet 1.8e-20
low volume of tet 0
low volume of tet 3.6e-20
low volume of tet 2.3e-21
low volume of tet 2.9e-19
low volume of tet 0
low volume of tet 1.8e-20
low volume of tet 3.6e-20
low volume of tet 0
low volume of tet 0
low volume of tet 0
low volume of tet 0
low volume of tet 0
low volume of tet 1.4e-20
low volume of tet 0
low volume of tet 0
low volume of tet 0
low volume of tet 0
low volume of tet 0
low volume of tet 7.2e-20
low volume of tet 0
low volume of tet 9e-21
low volume of tet 0
low volume of tet 3.6e-20
low volume of tet 2.5e-21
low volume of tet 7.2e-20
low volume of tet 4.5e-21
low volume of tet 3.6e-20
low volume of tet 0
low volume of tet 0
low volume of tet 0
low volume of tet 9e-21
low volume of tet 0
low volume of tet 1.8e-20
low volume of tet 7.2e-20
low volume of tet 0
low volume of tet 1.2e-18
low volume of tet 0
low volume of tet 0
low volume of tet 0
low volume of tet 0
illegal tet 3364
low volume of tet 7.9e-21
illegal tet 6941
illegal tet 6950
illegal tet 7080
illegal tet 7987
low volume of tet 3.6e-20
illegal tet 10927
illegal tet 7197
low volume of tet 0
illegal tet 8676
low volume of tet 0
low volume of tet 3.6e-20
low volume of tet 0
low volume of tet 1.8e-20
low volume of tet 9e-21
low volume of tet 0
low volume of tet 0
low volume of tet 4.5e-21
low volume of tet 0
low volume of tet 0
low volume of tet 2.7e-20
low volume of tet 0
low volume of tet 0
low volume of tet 1.4e-19
low volume of tet 0
low volume of tet 0
low volume of tet 0
low volume of tet 0
low volume of tet 0
low volume of tet 2.7e-20
low volume of tet 7.2e-20
low volume of tet 0
low volume of tet 0
low volume of tet 0
low volume of tet 0
illegal tet 13641
low volume of tet 0
illegal tet 13772
low volume of tet 0
low volume of tet 0
low volume of tet 2.3e-21
low volume of tet 0
low volume of tet 2.3e-21
low volume of tet 0
low volume of tet 0
low volume of tet 0
low volume of tet 0
low volume of tet 0
low volume of tet 0
low volume of tet 4.5e-21
41 elements combined
CombineImprove done
Improve Mesh
Total badness = 2.9e+04

Total badness = 28757.558
start SplitImprove
Total badness = 28757.558
Splitt - Improve done
Total badness = 28740.517
Improve Mesh
Total badness = 28740.517

Total badness = 28729.056
Improve Mesh
Total badness = 28729.056

Total badness = 28726.536


Points:           2382
Volume Elements:  13676
0 low quality volume elements

Volume elements in qualityclasses:
   0 - 0.05: 0
0.05 -  0.1: 2
 0.1 - 0.15: 24
0.15 -  0.2: 120
 0.2 - 0.25: 237
0.25 -  0.3: 352
 0.3 - 0.35: 511
0.35 -  0.4: 673
 0.4 - 0.45: 883
0.45 -  0.5: 983
 0.5 - 0.55: 1118
0.55 -  0.6: 1277
 0.6 - 0.65: 1390
0.65 -  0.7: 1398
 0.7 - 0.75: 1287
0.75 -  0.8: 1281
 0.8 - 0.85: 948
0.85 -  0.9: 721
 0.9 - 0.95: 377
0.95 -    1: 94
total error: 2.5e+04
Start CombineImprove
low volume of tet 0
low volume of tet 0
low volume of tet 1.8e-20
low volume of tet 0
low volume of tet 0
low volume of tet 0
low volume of tet 7.2e-20
low volume of tet 3.6e-20
low volume of tet 0
low volume of tet 0
low volume of tet 0
low volume of tet 0
low volume of tet 0
low volume of tet 0
low volume of tet 0
low volume of tet 0
low volume of tet 0
illegal tet 697
illegal tet 10085
low volume of tet 0
low volume of tet 0
low volume of tet 0
low volume of tet 9e-21
low volume of tet 0
illegal tet 3927
low volume of tet 0
illegal tet 5742
low volume of tet 0
low volume of tet 0
low volume of tet 0
low volume of tet 0
low volume of tet 0
low volume of tet 0
low volume of tet 0
low volume of tet 0
low volume of tet 6.8e-21
low volume of tet 0
low volume of tet 0
illegal tet 1433
low volume of tet 0
illegal tet 13670
low volume of tet 0
illegal tet 1661
illegal tet 8449
illegal tet 13673
illegal tet 13675
7 elements combined
CombineImprove done
Improve Mesh
Total badness = 2.9e+04

Total badness = 28577.107
start SplitImprove
Total badness = 28577.107
Splitt - Improve done
Total badness = 28612.639
Improve Mesh
Total badness = 28612.639

Total badness = 28601.936
Improve Mesh
Total badness = 28601.936

Total badness = 28600.915


Points:           2382
Volume Elements:  13660
0 low quality volume elements

Volume elements in qualityclasses:
   0 - 0.05: 0
0.05 -  0.1: 0
 0.1 - 0.15: 20
0.15 -  0.2: 116
 0.2 - 0.25: 236
0.25 -  0.3: 365
 0.3 - 0.35: 503
0.35 -  0.4: 670
 0.4 - 0.45: 872
0.45 -  0.5: 986
 0.5 - 0.55: 1118
0.55 -  0.6: 1268
 0.6 - 0.65: 1386
0.65 -  0.7: 1395
 0.7 - 0.75: 1298
0.75 -  0.8: 1271
 0.8 - 0.85: 962
0.85 -  0.9: 723
 0.9 - 0.95: 379
0.95 -    1: 92
total error: 2.5e+04

Volume optimization completed:
Mesh overview:
  Vertices: 2382
  Edges:    831
  Surfaces: 2089
  Volumes:  13660
Mesh generation completed.
 Current Process: .Generated 13660 Tetrahedra, 27502 Surfaces, 2382 Points
