

=======================================================================
=======================================================================
=======================================================================


Flimit=1000, Fmin=0
adaptively solving frequency plan: 
requested discrete frequencies: 0 Hz 10 GHz 
requested frequency ranges: 
[ 0 Hz , 10 GHz ], #=50
Fdc = 1000
no cutoff intervals detected
cutoff intervals:
== ISOLATED DISCRETE FREQUENCIES ==========================

===============================================
== ADAPTIVE FIT in [1e-06 , 10] GHz, maxNbSamples=50 =========================
===============================================
Fitting options : 
  nbInitialSamplesPerInterval                : 4
  nbTestPointsPerInterval                    : 10
  maxDepthDifference                         : 3
  relFreqFactorForDistance                   : 0
  nbTestPointsForDistance                    : 1
  maxDistanceBetweenModels                   : 0.01
  maxDistanceFromSamples                     : 0.001
  nbNewSamples                               : 1
  nbNewDiscreteSamples                       : 0
  maxNbIntervalsToBeSubdivided               : 1
  maxNbSamples                               : 50
  minAbsDistanceBetweenSubsequentFrequencies : 10
  minRelDistanceBetweenSubsequentFrequencies : 0.001
  passivityThreshold                         : 0.005
  useSvdForPassivity                         : 0
  enforcePassivity                           : 0
  maxPhaseDifferenceBetweenSubsequentSamples : 2.0944
  unwrapPhaseDifference                      : 0
  amplitudeThresholdForMaxPhaseDifference    : 0.01
  maxNbSamplesInModelRange                   : 30
  model type for S-parameters                : 3
  #poles - #zeros                            : [-1 , -1]
  maxNbPoles                                 : 100
  maxImpedanceRelDistanceFromSamples         : 0.01
  maxNbThreads                               : 12
  extrapolateToDc                            : 0
  vectorfitting_mirrorPolesIntoLHP           : 0
  vectorfitting_maxNbIterations              : 5
  vectorfitting_leastSquaresMode             : QR
  vectorfitting_incremental                  : 1
== #samples 4 ======================
sorted and limited errors, not satisfying the fitting constraints: 
  Fitting error in [ 3.333e+09, 6.667e+09], depth=0 : passivity=0.0818@( 5.455e+09 Hz, r=  1, c=  1), distance= 0.733@( 3.333e+09 Hz, r=  1, c=  1), delta_phase=    -1@(        -1 Hz, r=  3, c=  3)
  Fitting error in [      1000, 3.333e+09], depth=0 : passivity=0.0479@( 1.515e+09 Hz, r=  3, c=  3), distance= 0.748@( 2.727e+09 Hz, r=  1, c=  1), delta_phase=    -1@(        -1 Hz, r=  1, c=  3)
  Fitting error in [ 6.667e+09,     1e+10], depth=0 : passivity=    -1@(        -1 Hz, r=  0, c=  0), distance=  0.68@( 7.879e+09 Hz, r=  3, c=  3), delta_phase=  2.59@(        -1 Hz, r=  3, c=  3)
new frequencies (new sample frequencies                   : etime=00:00:00.0    ctime=00:00:00.0    rss= 24.527 Mbyte     virtual= 18.910 Mbyte     ) : 
  [3.333e+09 , 6.667e+09] : 5e+09, 
--> fit time : fit                                      : etime=00:00:00.0    ctime=00:00:00.0    rss= 24.527 Mbyte     virtual= 18.910 Mbyte      sec
--> errors   : errors                                   : etime=00:00:00.0    ctime=00:00:00.0    rss= 24.527 Mbyte     virtual= 18.910 Mbyte      sec
== #samples 5 ======================
sorted and limited errors, not satisfying the fitting constraints: 
  Fitting error in [      1000, 3.333e+09], depth=0 : passivity=0.00941@( 6.061e+08 Hz, r=  3, c=  3), distance= 0.125@( 1.212e+09 Hz, r=  1, c=  1), delta_phase=    -1@(        -1 Hz, r=  1, c=  3)
  Fitting error in [ 6.667e+09,     1e+10], depth=0 : passivity=    -1@(        -1 Hz, r=  0, c=  0), distance= 0.219@( 8.485e+09 Hz, r=  3, c=  3), delta_phase=  2.59@(        -1 Hz, r=  3, c=  3)
  Fitting error in [     5e+09, 6.667e+09], depth=1 : passivity=    -1@(        -1 Hz, r=  0, c=  0), distance= 0.107@( 5.152e+09 Hz, r=  3, c=  3), delta_phase=    -1@(        -1 Hz, r=  3, c=  3)
  Fitting error in [ 3.333e+09,     5e+09], depth=1 : passivity=    -1@(        -1 Hz, r=  0, c=  0), distance=0.0958@( 4.697e+09 Hz, r=  3, c=  3), delta_phase=    -1@(        -1 Hz, r=  3, c=  3)
new frequencies (new sample frequencies                   : etime=00:00:00.0    ctime=00:00:00.0    rss= 24.527 Mbyte     virtual= 18.910 Mbyte     ) : 
  [1000 , 3.333e+09] : 1.667e+09, 
--> fit time : fit                                      : etime=00:00:00.0    ctime=00:00:00.0    rss= 24.527 Mbyte     virtual= 18.910 Mbyte      sec
--> errors   : errors                                   : etime=00:00:00.0    ctime=00:00:00.0    rss= 24.688 Mbyte     virtual= 19.027 Mbyte      sec
== #samples 6 ======================
sorted and limited errors, not satisfying the fitting constraints: 
  Fitting error in [ 6.667e+09,     1e+10], depth=0 : passivity=    -1@(        -1 Hz, r=  0, c=  0), distance=0.0733@( 9.091e+09 Hz, r=  3, c=  3), delta_phase=  2.59@(        -1 Hz, r=  3, c=  3)
  Fitting error in [      1000, 1.667e+09], depth=1 : passivity=    -1@(        -1 Hz, r=  0, c=  0), distance=0.0621@( 7.576e+08 Hz, r=  3, c=  3), delta_phase=    -1@(        -1 Hz, r=  1, c=  3)
  Fitting error in [ 1.667e+09, 3.333e+09], depth=1 : passivity=    -1@(        -1 Hz, r=  0, c=  0), distance=0.0435@( 1.667e+09 Hz, r=  3, c=  3), delta_phase=    -1@(        -1 Hz, r=  3, c=  3)
new frequencies (new sample frequencies                   : etime=00:00:00.0    ctime=00:00:00.0    rss= 24.688 Mbyte     virtual= 19.027 Mbyte     ) : 
  [6.667e+09 , 1e+10] : 8.333e+09, 
--> fit time : fit                                      : etime=00:00:00.0    ctime=00:00:00.0    rss= 24.688 Mbyte     virtual= 19.027 Mbyte      sec
--> errors   : errors                                   : etime=00:00:00.0    ctime=00:00:00.0    rss= 24.734 Mbyte     virtual= 19.047 Mbyte      sec
== #samples 7 ======================
sorted and limited errors, not satisfying the fitting constraints: none
--> checking accuracy of fitted Z : checking Z                               : etime=00:00:00.0    ctime=00:00:00.0    rss= 24.734 Mbyte     virtual= 19.047 Mbyte      sec
FITTED IMPEDANCES ARE NOT ACCURATE
--> changing maxDistanceFromSamples:
	at 1 kHz : 1e-05
	at 1.66667 GHz : 1e-05
	at 3.33333 GHz : 1e-05
	at 5 GHz : 1e-05
	at 6.66667 GHz : 1e-05
	at 8.33333 GHz : 1e-05
--> REFITTING
--> fit time : fit                                      : etime=00:00:00.0    ctime=00:00:00.0    rss= 24.734 Mbyte     virtual= 19.047 Mbyte      sec
--> errors   : errors                                   : etime=00:00:00.0    ctime=00:00:00.0    rss= 24.840 Mbyte     virtual= 19.102 Mbyte      sec
== #samples 7 ======================
sorted and limited errors, not satisfying the fitting constraints: none
--> checking accuracy of fitted Z : checking Z                               : etime=00:00:00.0    ctime=00:00:00.0    rss= 24.840 Mbyte     virtual= 19.102 Mbyte      sec
FITTED IMPEDANCES ARE NOT ACCURATE
--> changing maxDistanceFromSamples:
	at 1 kHz : 1e-07
--> REFITTING
--> fit time : fit                                      : etime=00:00:00.0    ctime=00:00:00.0    rss= 24.840 Mbyte     virtual= 19.102 Mbyte      sec
--> errors   : errors                                   : etime=00:00:00.0    ctime=00:00:00.0    rss= 24.863 Mbyte     virtual= 19.121 Mbyte      sec
== #samples 7 ======================
sorted and limited errors, not satisfying the fitting constraints: none
--> checking accuracy of fitted Z : checking Z                               : etime=00:00:00.0    ctime=00:00:00.0    rss= 24.863 Mbyte     virtual= 19.121 Mbyte      sec
FITTED IMPEDANCES ARE NOT ACCURATE
--> changing maxDistanceFromSamples:
	at 1 kHz : 1e-09
--> REFITTING
--> fit time : fit                                      : etime=00:00:00.0    ctime=00:00:00.0    rss= 24.863 Mbyte     virtual= 19.121 Mbyte      sec
--> errors   : errors                                   : etime=00:00:00.0    ctime=00:00:00.1    rss= 24.914 Mbyte     virtual= 19.172 Mbyte      sec
== #samples 7 ======================
sorted and limited errors, not satisfying the fitting constraints: none
--> checking accuracy of fitted Z : checking Z                               : etime=00:00:00.0    ctime=00:00:00.0    rss= 24.914 Mbyte     virtual= 19.172 Mbyte      sec
--> CONVERGED