; Top Design: "tutorial3_lib:board:schematic"
; Netlisted using Hierarchy Policy: "Standard"

Options ResourceUsage=yes UseNutmegFormat=no EnableOptim=no TopDesignName="tutorial3_lib:board:schematic" DcopOutputNodeVoltages=yes DcopOutputPinCurrents=yes DcopOutputAllSweepPoints=no DcopOutputDcopType=0
#uselib "ckt" , "SnP"
SnP:SnP1  N__0 N__1 N__9 N__2 NumPorts=4 File="C:\Users\eobregon\Documents\tutorial3_wrk\data\board_sparams.s4p" Type="touchstone" InterpMode="linear" InterpDom="" ExtrapMode="constant" Temp=27.0 CheckPassivity=0 
S_Param:SP1 CalcS=yes CalcY=no CalcZ=no GroupDelayAperture=1e-4 FreqConversion=no FreqConversionPort=1 StatusLevel=2 CalcNoise=no SortNoise=0 BandwidthForNoise=1.0 Hz DevOpPtLevel=0 \
SweepVar="freq" SweepPlan="SP1_stim" OutputPlan="SP1_Output" 

SweepPlan: SP1_stim Start=0 GHz Stop=10 GHz Step=1 MHz 

OutputPlan:SP1_Output \
      Type="Output" \
      UseEquationNestLevel=yes \
      EquationNestLevel=2 \
      UseSavedEquationNestLevel=yes \
      SavedEquationNestLevel=2

#load "python","LinearCollapse"
Component Module="LinearCollapse" Type="ModelExtractor" NetworkRepresentation=2
model Subst1 Substrate N=3 Er[1]=3.55 H[1]=0.406 mm TanD[1]=0.0021 T[1]=35 um Cond[1]=5.96E7 Er[2]=3.55 H[2]=0.406 mm TanD[2]=0.0021 T[2]=35 um Cond[2]=5.96E7 T[3]=35 um Cond[3]=5.96E7 LayerType[1]="signal" LayerType[2]="signal" LayerType[3]="ground" DielectricLossModel=1 FreqForEpsrTanD=1.0 GHz LowFreqForTanD=1.0 kHz HighFreqForTanD=1.0 THz RoughnessModel=2 Rough=0 mm Huray_RatioOfA=1 Huray_r=0 um Huray_Aflat=0 um * 1 um Huray_N=14 
aele Zin1=zin(S11,PortZ1);
aele Zin2=zin(S22,PortZ2);
Port:Term1  N__0 0 Num=1 Z=50 Ohm Noise=yes 
Port:Term2  N__1 0 Num=2 Z=50 Ohm Noise=yes 
R:R3  N__9 N__2 R=50 Ohm Noise=yes 
