==============================================================================

                  ------ MOMENTUM STATISTICS (MW mode) ------

              Momentum MomEngine_64 2023.00.265 (*) built: Jul  1 2022
                           Sat Mar 16 15:58:21 2024

==============================================================================


------------------------------------------------------------------------------
MESH
------------------------------------------------------------------------------
 Frequency          : 10 GHz

 Rectangular cells  : 11
 Quadrangular cells : 212
 Triangular cells   : 94
 Via cells          : 16

 Edge currents      : 333

------------------------------------------------------------------------------
SOLVER                        USER TIME      ELAPSED TIME      MEMORY         
PROCESSES                      (h:m:s)          (h:m:s)         (MB)          
------------------------------------------------------------------------------

SIMULATION SET-UP
-----------------
 Initialization           |     0: 0: 0   |     0: 0: 0   |     29.56   
 Ports analysis           |     0: 0: 0   |     0: 0: 0   |      0.09   
 Mesh processing          |     0: 0: 0   |     0: 0: 0   |      4.30   

 Matrix size : 333
 Reduced matrix size : 165
 Estimated process size is below 256.00 MB

 Simulation temperature : 298.15 K

1. SIMULATION FREQUENCY = 0 Hz 
-------------------------
 Green functions          |     0: 0: 0   |     0: 0: 0   |      2.05   
 Basis creation           |     0: 0: 0   |     0: 0: 0   |      6.83   
 Matrix load              |     0: 0: 0   |     0: 0: 0   |     32.72   
 Matrix solve             |     0: 0: 0   |     0: 0: 0   |      2.24   
 S parameters             |     0: 0: 0   |     0: 0: 0   |      0.04   

2. SIMULATION FREQUENCY = 10 GHz 
-------------------------
 Green functions          |     0: 0: 2   |     0: 0: 0   |      0.55   
 Matrix load              |     0: 0: 2   |     0: 0: 1   |     24.74   
 Matrix solve             |     0: 0: 0   |     0: 0: 0   |      0.00   
 S parameters             |     0: 0: 0   |     0: 0: 0   |      0.00   
 Adaptive sampling        |     0: 0: 0   |     0: 0: 0   |      0.00   

3. SIMULATION FREQUENCY = 6.66667 GHz 
-------------------------
 Green functions          |     0: 0: 0   |     0: 0: 0   |      0.00   
 Matrix load              |     0: 0: 2   |     0: 0: 0   |      0.29   
 Matrix solve             |     0: 0: 0   |     0: 0: 0   |      0.00   
 S parameters             |     0: 0: 0   |     0: 0: 0   |      0.00   
 Adaptive sampling        |     0: 0: 0   |     0: 0: 0   |      0.00   

4. SIMULATION FREQUENCY = 3.33333 GHz 
-------------------------
 Green functions          |     0: 0: 1   |     0: 0: 0   |      0.00   
 Matrix load              |     0: 0: 2   |     0: 0: 0   |      0.61   
 Matrix solve             |     0: 0: 0   |     0: 0: 0   |      0.00   
 S parameters             |     0: 0: 0   |     0: 0: 0   |      0.00   
 Adaptive sampling        |     0: 0: 0   |     0: 0: 0   |      0.00   

5. SIMULATION FREQUENCY = 5 GHz 
-------------------------
 Green functions          |     0: 0: 0   |     0: 0: 0   |      0.00   
 Matrix load              |     0: 0: 3   |     0: 0: 0   |      0.66   
 Matrix solve             |     0: 0: 0   |     0: 0: 0   |      0.00   
 S parameters             |     0: 0: 0   |     0: 0: 0   |      0.00   
 Adaptive sampling        |     0: 0: 0   |     0: 0: 0   |      0.00   

6. SIMULATION FREQUENCY = 4.16667 GHz 
-------------------------
 Green functions          |     0: 0: 0   |     0: 0: 0   |      0.00   
 Matrix load              |     0: 0: 2   |     0: 0: 1   |      0.04   
 Matrix solve             |     0: 0: 0   |     0: 0: 0   |      0.00   
 S parameters             |     0: 0: 0   |     0: 0: 0   |      0.00   
 Adaptive sampling        |     0: 0: 1   |     0: 0: 0   |      0.00   

7. SIMULATION FREQUENCY = 8.33333 GHz 
-------------------------
 Green functions          |     0: 0: 0   |     0: 0: 0   |      0.00   
 Matrix load              |     0: 0: 2   |     0: 0: 0   |      0.01   
 Matrix solve             |     0: 0: 0   |     0: 0: 0   |      0.00   
 S parameters             |     0: 0: 0   |     0: 0: 0   |      0.00   
 Adaptive sampling        |     0: 0: 0   |     0: 0: 0   |      0.00   

8. SIMULATION FREQUENCY = 1.66667 GHz 
-------------------------
 Green functions          |     0: 0: 0   |     0: 0: 0   |      0.00   
 Matrix load              |     0: 0: 2   |     0: 0: 0   |      3.82   
 Matrix solve             |     0: 0: 0   |     0: 0: 0   |      0.00   
 S parameters             |     0: 0: 0   |     0: 0: 0   |      0.00   
 Adaptive sampling        |     0: 0: 0   |     0: 0: 0   |      0.00   

------------------------------------------------------------------------------
TOTALS
------------------------------------------------------------------------------
 Nr of Frequencies   : 8 

 Physical memory :   108.54 MB
 Virtual memory  :   132.14 MB
 Page faults     :       31126
 User Time       :    0h 0m20s
 Elapsed Time    :    0h 0m 2s

==============================================================================

